#
# A fatal error has been detected by the Java Runtime Environment:
#
#  SIGSEGV (0xb) at pc=0xb761d2f2, pid=26083, tid=3064978240
#
# JRE version: Java(TM) SE Runtime Environment (8.0_40-b26) (build 1.8.0_40-b26)
# Java VM: Java HotSpot(TM) Client VM (25.40-b25 mixed mode linux-x86 )
# Problematic frame:
# C  [libc.so.6+0x652f2]  fclose+0x22
#
# Failed to write core dump. Core dumps have been disabled. To enable core dumping, try "ulimit -c unlimited" before starting Java again
#
# If you would like to submit a bug report, please visit:
#   http://bugreport.java.com/bugreport/crash.jsp
# The crash happened outside the Java Virtual Machine in native code.
# See problematic frame for where to report the bug.
#

---------------  T H R E A D  ---------------

Current thread (0xb6908800):  JavaThread "main" [_thread_in_native, id=26085, stack(0xb6aad000,0xb6afe000)]

siginfo: si_signo: 11 (SIGSEGV), si_code: 1 (SEGV_MAPERR), si_addr: 0x0000006e

Registers:
EAX=0x00000028, EBX=0xb775dff4, ECX=0xb6900010, EDX=0xb6900010
ESP=0xb6afc120, EBP=0xb6afc828, ESI=0x00000028, EDI=0xa36c5ad7
EIP=0xb761d2f2, EFLAGS=0x00010292, CR2=0x0000006e

Top of Stack: (sp=0xb6afc120)
0xb6afc120:   b775dff4 a36f7ff4 a36fadc8 a36c5ad7
0xb6afc130:   b6afc828 b77c56b0 b6900010 a36f7ff4
0xb6afc140:   a36fadc8 a36c5ad7 b6afc828 a3643a3e
0xb6afc150:   00000028 a36c5b50 a36fada0 a36fdde8
0xb6afc160:   a36fddec a36fad18 a42da548 b717f050
0xb6afc170:   a39dfe40 00000028 b6afc1b8 b762e5e9
0xb6afc180:   a39dfe40 00000028 00000007 b7765ff4
0xb6afc190:   00000000 00000000 00000000 00000000 

Instructions: (pc=0xb761d2f2)
0xb761d2d2:   2c 89 74 24 20 8b 74 24 30 89 5c 24 1c 89 7c 24
0xb761d2e2:   24 89 6c 24 28 e8 67 6a 0c 00 81 c3 08 0d 14 00
0xb761d2f2:   80 7e 46 00 0f 85 8c 01 00 00 8b 0e f6 c5 20 89
0xb761d302:   ca 0f 85 4f 01 00 00 89 c8 25 00 80 00 00 75 36 

Register to memory mapping:

EAX=0x00000028 is an unknown value
EBX=0xb775dff4: <offset 0x1a5ff4> in /lib/i386-linux-gnu/libc.so.6 at 0xb75b8000
ECX=0xb6900010 is an unknown value
EDX=0xb6900010 is an unknown value
ESP=0xb6afc120 is pointing into the stack for thread: 0xb6908800
EBP=0xb6afc828 is pointing into the stack for thread: 0xb6908800
ESI=0x00000028 is an unknown value
EDI=0xa36c5ad7: <offset 0xf4ad7> in /home/onglchen/proenv/userlib/libGenAssert.so at 0xa35d1000


Stack: [0xb6aad000,0xb6afe000],  sp=0xb6afc120,  free space=316k
Native frames: (J=compiled Java code, j=interpreted, Vv=VM code, C=native code)
C  [libc.so.6+0x652f2]  fclose+0x22
C  [libGenAssert.so+0x72ad3]  train(char const*, char const*, char const*)+0x6b
C  [libGenAssert.so+0x7321c]  Java_org_chudian_mj_jni_GenAssert_Train+0x82
j  org.chudian.mj.jni.GenAssert.Train(Ljava/lang/String;Ljava/lang/String;Ljava/lang/String;)I+0
j  org.chudian.mj.jni.GenAssert.main([Ljava/lang/String;)V+33
v  ~StubRoutines::call_stub
V  [libjvm.so+0x2f0f9f]  JavaCalls::call_helper(JavaValue*, methodHandle*, JavaCallArguments*, Thread*)+0x101f
V  [libjvm.so+0x48e069]  os::os_exception_wrapper(void (*)(JavaValue*, methodHandle*, JavaCallArguments*, Thread*), JavaValue*, methodHandle*, JavaCallArguments*, Thread*)+0x19
V  [libjvm.so+0x2ef56f]  JavaCalls::call(JavaValue*, methodHandle, JavaCallArguments*, Thread*)+0x2f
V  [libjvm.so+0x4d53a2]  Reflection::invoke(instanceKlassHandle, methodHandle, Handle, bool, objArrayHandle, BasicType, objArrayHandle, bool, Thread*)+0x4d2
V  [libjvm.so+0x4d86e8]  Reflection::invoke_method(oopDesc*, Handle, objArrayHandle, Thread*)+0x148
V  [libjvm.so+0x379d0f]  JVM_InvokeMethod+0x25f
C  [libjava.so+0xd4f2]  Java_sun_reflect_NativeMethodAccessorImpl_invoke0+0x32
j  sun.reflect.NativeMethodAccessorImpl.invoke0(Ljava/lang/reflect/Method;Ljava/lang/Object;[Ljava/lang/Object;)Ljava/lang/Object;+0
j  sun.reflect.NativeMethodAccessorImpl.invoke(Ljava/lang/Object;[Ljava/lang/Object;)Ljava/lang/Object;+100
j  sun.reflect.DelegatingMethodAccessorImpl.invoke(Ljava/lang/Object;[Ljava/lang/Object;)Ljava/lang/Object;+6
j  java.lang.reflect.Method.invoke(Ljava/lang/Object;[Ljava/lang/Object;)Ljava/lang/Object;+56
j  com.intellij.rt.execution.application.AppMain.main([Ljava/lang/String;)V+157
v  ~StubRoutines::call_stub
V  [libjvm.so+0x2f0f9f]  JavaCalls::call_helper(JavaValue*, methodHandle*, JavaCallArguments*, Thread*)+0x101f
V  [libjvm.so+0x48e069]  os::os_exception_wrapper(void (*)(JavaValue*, methodHandle*, JavaCallArguments*, Thread*), JavaValue*, methodHandle*, JavaCallArguments*, Thread*)+0x19
V  [libjvm.so+0x2ef56f]  JavaCalls::call(JavaValue*, methodHandle, JavaCallArguments*, Thread*)+0x2f
V  [libjvm.so+0x3398bf]  jni_invoke_static(JNIEnv_*, JavaValue*, _jobject*, JNICallType, _jmethodID*, JNI_ArgumentPusher*, Thread*)+0x38f
V  [libjvm.so+0x34c33f]  jni_CallStaticVoidMethod+0xdf
C  [libjli.so+0x7666]  JavaMain+0x8d6
C  [libpthread.so.0+0x6d4c]  start_thread+0xcc
C  [libc.so.6+0xefbae]  clone+0x5e

Java frames: (J=compiled Java code, j=interpreted, Vv=VM code)
j  org.chudian.mj.jni.GenAssert.Train(Ljava/lang/String;Ljava/lang/String;Ljava/lang/String;)I+0
j  org.chudian.mj.jni.GenAssert.main([Ljava/lang/String;)V+33
v  ~StubRoutines::call_stub
j  sun.reflect.NativeMethodAccessorImpl.invoke0(Ljava/lang/reflect/Method;Ljava/lang/Object;[Ljava/lang/Object;)Ljava/lang/Object;+0
j  sun.reflect.NativeMethodAccessorImpl.invoke(Ljava/lang/Object;[Ljava/lang/Object;)Ljava/lang/Object;+100
j  sun.reflect.DelegatingMethodAccessorImpl.invoke(Ljava/lang/Object;[Ljava/lang/Object;)Ljava/lang/Object;+6
j  java.lang.reflect.Method.invoke(Ljava/lang/Object;[Ljava/lang/Object;)Ljava/lang/Object;+56
j  com.intellij.rt.execution.application.AppMain.main([Ljava/lang/String;)V+157
v  ~StubRoutines::call_stub

---------------  P R O C E S S  ---------------

Java Threads: ( => current thread )
  0xa39de800 JavaThread "Monitor Ctrl-Break" daemon [_thread_in_native, id=26093, stack(0xa38af000,0xa3900000)]
  0xb6985400 JavaThread "Service Thread" daemon [_thread_blocked, id=26091, stack(0xa3b3b000,0xa3b8c000)]
  0xb6982000 JavaThread "C1 CompilerThread0" daemon [_thread_blocked, id=26090, stack(0xa3b8c000,0xa3c0d000)]
  0xb6980400 JavaThread "Signal Dispatcher" daemon [_thread_blocked, id=26089, stack(0xa3c0d000,0xa3c5e000)]
  0xb6963800 JavaThread "Finalizer" daemon [_thread_blocked, id=26088, stack(0xa3e5e000,0xa3eaf000)]
  0xb6962000 JavaThread "Reference Handler" daemon [_thread_blocked, id=26087, stack(0xa3eaf000,0xa3f00000)]
=>0xb6908800 JavaThread "main" [_thread_in_native, id=26085, stack(0xb6aad000,0xb6afe000)]

Other Threads:
  0xb695f000 VMThread [stack: 0xa4030000,0xa40b1000] [id=26086]
  0xb6987400 WatcherThread [stack: 0xa3aba000,0xa3b3b000] [id=26092]

VM state:not at safepoint (normal execution)

VM Mutex/Monitor currently owned by a thread: None

Heap:
 def new generation   total 4928K, used 1351K [0xa4800000, 0xa4d50000, 0xa9d50000)
  eden space 4416K,  30% used [0xa4800000, 0xa4951d40, 0xa4c50000)
  from space 512K,   0% used [0xa4c50000, 0xa4c50000, 0xa4cd0000)
  to   space 512K,   0% used [0xa4cd0000, 0xa4cd0000, 0xa4d50000)
 tenured generation   total 10944K, used 0K [0xa9d50000, 0xaa800000, 0xb4800000)
   the space 10944K,   0% used [0xa9d50000, 0xa9d50000, 0xa9d50200, 0xaa800000)
 Metaspace       used 1936K, capacity 2208K, committed 2328K, reserved 4400K

Card table byte_map: [0xa477f000,0xa4800000] byte_map_base: 0xa425b000

Polling page: 0xb77a1000

CodeCache: size=32768Kb used=704Kb max_used=704Kb free=32063Kb
 bounds [0xb4900000, 0xb49b8000, 0xb6900000]
 total_blobs=162 nmethods=22 adapters=71
 compilation: enabled

Compilation events (10 events):
Event: 0.211 Thread 0xb6982000   18             java.lang.String::startsWith (72 bytes)
Event: 0.211 Thread 0xb6982000 nmethod 18 0xb49aefc8 code [0xb49af0d0, 0xb49af200]
Event: 0.212 Thread 0xb6982000   19             java.lang.String::indexOf (166 bytes)
Event: 0.212 Thread 0xb6982000 nmethod 19 0xb49af348 code [0xb49af460, 0xb49af690]
Event: 0.213 Thread 0xb6982000   20             java.lang.String::length (6 bytes)
Event: 0.213 Thread 0xb6982000 nmethod 20 0xb49af9c8 code [0xb49afac0, 0xb49afb50]
Event: 0.218 Thread 0xb6982000   21             java.lang.Math::max (11 bytes)
Event: 0.218 Thread 0xb6982000 nmethod 21 0xb49afbc8 code [0xb49afcc0, 0xb49afd30]
Event: 0.220 Thread 0xb6982000   22             java.util.jar.JarFile::match (116 bytes)
Event: 0.220 Thread 0xb6982000 nmethod 22 0xb49afd88 code [0xb49afea0, 0xb49b0040]

GC Heap History (0 events):
No events

Deoptimization events (0 events):
No events

Internal exceptions (2 events):
Event: 0.075 Thread 0xb6908800 Exception <a 'java/lang/NoSuchMethodError': Method sun.misc.Unsafe.defineClass(Ljava/lang/String;[BII)Ljava/lang/Class; name or signature does not match> (0xa48103f8) thrown at [/HUDSON3/workspace/8-2-build-linux-i586/jdk8u40/3098/hotspot/src/share/vm/pri
Event: 0.075 Thread 0xb6908800 Exception <a 'java/lang/NoSuchMethodError': Method sun.misc.Unsafe.prefetchRead(Ljava/lang/Object;J)V name or signature does not match> (0xa4810678) thrown at [/HUDSON3/workspace/8-2-build-linux-i586/jdk8u40/3098/hotspot/src/share/vm/prims/jni.cpp, line 3

Events (10 events):
Event: 0.248 loading class java/lang/IllegalAccessException
Event: 0.248 loading class java/lang/IllegalAccessException done
Event: 0.248 loading class java/lang/reflect/TypeVariable
Event: 0.248 loading class java/lang/reflect/TypeVariable done
Event: 0.248 loading class java/lang/reflect/AnnotatedType
Event: 0.248 loading class java/lang/reflect/AnnotatedType done
Event: 0.248 loading class sun/reflect/NativeMethodAccessorImpl
Event: 0.248 loading class sun/reflect/NativeMethodAccessorImpl done
Event: 0.248 loading class sun/reflect/DelegatingMethodAccessorImpl
Event: 0.248 loading class sun/reflect/DelegatingMethodAccessorImpl done


Dynamic libraries:
08048000-08049000 r-xp 00000000 08:01 265942     /home/onglchen/proenv/jdk8/bin/java
08049000-0804a000 rw-p 00000000 08:01 265942     /home/onglchen/proenv/jdk8/bin/java
081ed000-082f6000 rw-p 00000000 00:00 0          [heap]
a33e5000-a34ec000 rw-p 00000000 00:00 0 
a34ec000-a35c4000 r-xp 00000000 08:01 530917     /usr/lib/i386-linux-gnu/libstdc++.so.6.0.16
a35c4000-a35c5000 ---p 000d8000 08:01 530917     /usr/lib/i386-linux-gnu/libstdc++.so.6.0.16
a35c5000-a35c9000 r--p 000d8000 08:01 530917     /usr/lib/i386-linux-gnu/libstdc++.so.6.0.16
a35c9000-a35ca000 rw-p 000dc000 08:01 530917     /usr/lib/i386-linux-gnu/libstdc++.so.6.0.16
a35ca000-a35d1000 rw-p 00000000 00:00 0 
a35d1000-a36f7000 r-xp 00000000 08:01 988162     /home/onglchen/proenv/userlib/libGenAssert.so
a36f7000-a36f8000 r--p 00126000 08:01 988162     /home/onglchen/proenv/userlib/libGenAssert.so
a36f8000-a36fb000 rw-p 00127000 08:01 988162     /home/onglchen/proenv/userlib/libGenAssert.so
a36fb000-a3700000 rw-p 00000000 00:00 0 
a3700000-a3732000 rw-p 00000000 00:00 0 
a3732000-a3800000 ---p 00000000 00:00 0 
a380f000-a387b000 rw-p 00000000 00:00 0 
a387b000-a3897000 r-xp 00000000 08:01 394239     /lib/i386-linux-gnu/libgcc_s.so.1
a3897000-a3898000 r--p 0001b000 08:01 394239     /lib/i386-linux-gnu/libgcc_s.so.1
a3898000-a3899000 rw-p 0001c000 08:01 394239     /lib/i386-linux-gnu/libgcc_s.so.1
a3899000-a38ae000 r-xp 00000000 08:01 265847     /home/onglchen/proenv/jdk8/jre/lib/i386/libnet.so
a38ae000-a38af000 rw-p 00014000 08:01 265847     /home/onglchen/proenv/jdk8/jre/lib/i386/libnet.so
a38af000-a38b2000 ---p 00000000 00:00 0 
a38b2000-a3900000 rw-p 00000000 00:00 0          [stack:26093]
a3900000-a39f4000 rw-p 00000000 00:00 0 
a39f4000-a3a00000 ---p 00000000 00:00 0 
a3a09000-a3a0c000 rw-p 00000000 00:00 0 
a3a0c000-a3a0d000 r-xp 00000000 08:01 931202     /home/onglchen/proenv/idea-IU-141.177.4/bin/libbreakgen.so
a3a0d000-a3a0e000 rw-p 00000000 08:01 931202     /home/onglchen/proenv/idea-IU-141.177.4/bin/libbreakgen.so
a3a0e000-a3a10000 r--s 00016000 08:01 931298     /home/onglchen/proenv/idea-IU-141.177.4/lib/idea_rt.jar
a3a10000-a3a13000 r--s 00024000 08:01 269657     /home/onglchen/.m2/repository/net/sf/json-lib/json-lib/2.4/json-lib-2.4-jdk15.jar
a3a13000-a3a2a000 r--s 00159000 08:01 928583     /home/onglchen/.m2/repository/org/apache/ant/ant/1.8.0/ant-1.8.0.jar
a3a2a000-a3a36000 r--s 00096000 08:01 398377     /home/onglchen/.m2/repository/org/springframework/spring-webmvc/4.0.5.RELEASE/spring-webmvc-4.0.5.RELEASE.jar
a3a36000-a3a4f000 r--s 0014e000 08:01 1069090    /home/onglchen/.m2/repository/com/alibaba/druid/0.2.9/druid-0.2.9.jar
a3a4f000-a3a66000 r--s 0019f000 08:01 1069091    /home/onglchen/.m2/repository/org/aspectj/aspectjweaver/1.7.1/aspectjweaver-1.7.1.jar
a3a66000-a3a6d000 r--s 00051000 08:01 1069089    /home/onglchen/.m2/repository/com/alibaba/fastjson/1.1.26/fastjson-1.1.26.jar
a3a6d000-a3a73000 r--s 00033000 08:01 398416     /home/onglchen/.m2/repository/commons-codec/commons-codec/1.6/commons-codec-1.6.jar
a3a73000-a3a87000 r--s 000db000 08:01 398392     /home/onglchen/.m2/repository/org/springframework/spring-core/4.0.5.RELEASE/spring-core-4.0.5.RELEASE.jar
a3a87000-a3a90000 r--s 0006f000 08:01 398403     /home/onglchen/.m2/repository/log4j/log4j/1.2.17/log4j-1.2.17.jar
a3a90000-a3a97000 r--s 00036000 08:01 398376     /home/onglchen/.m2/repository/org/springframework/spring-tx/4.0.5.RELEASE/spring-tx-4.0.5.RELEASE.jar
a3a97000-a3aae000 r--s 000d8000 08:01 398379     /home/onglchen/.m2/repository/org/springframework/spring-context/4.0.5.RELEASE/spring-context-4.0.5.RELEASE.jar
a3aae000-a3aba000 r--s 00098000 08:01 398375     /home/onglchen/.m2/repository/org/springframework/spring-beans/4.0.5.RELEASE/spring-beans-4.0.5.RELEASE.jar
a3aba000-a3abb000 ---p 00000000 00:00 0 
a3abb000-a3b3b000 rw-p 00000000 00:00 0          [stack:26092]
a3b3b000-a3b3e000 ---p 00000000 00:00 0 
a3b3e000-a3b8c000 rw-p 00000000 00:00 0          [stack:26091]
a3b8c000-a3b8f000 ---p 00000000 00:00 0 
a3b8f000-a3c0d000 rw-p 00000000 00:00 0          [stack:26090]
a3c0d000-a3c10000 ---p 00000000 00:00 0 
a3c10000-a3c5e000 rw-p 00000000 00:00 0          [stack:26089]
a3c5e000-a3e5e000 r--p 00000000 08:01 531480     /usr/lib/locale/locale-archive
a3e5e000-a3e61000 ---p 00000000 00:00 0 
a3e61000-a3eaf000 rw-p 00000000 00:00 0          [stack:26088]
a3eaf000-a3eb2000 ---p 00000000 00:00 0 
a3eb2000-a3f00000 rw-p 00000000 00:00 0          [stack:26087]
a3f00000-a3f21000 rw-p 00000000 00:00 0 
a3f21000-a4000000 ---p 00000000 00:00 0 
a4000000-a4002000 r--s 0000d000 08:01 269664     /home/onglchen/.m2/repository/commons-logging/commons-logging/1.1.1/commons-logging-1.1.1.jar
a4002000-a4011000 r--s 00096000 08:01 398387     /home/onglchen/.m2/repository/org/springframework/spring-web/4.0.5.RELEASE/spring-web-4.0.5.RELEASE.jar
a4011000-a4016000 r--s 002f8000 08:01 144571     /home/onglchen/proenv/jdk8/jre/lib/charsets.jar
a4016000-a4030000 r--s 001f3000 08:01 144568     /home/onglchen/proenv/jdk8/jre/lib/deploy.jar
a4030000-a4031000 ---p 00000000 00:00 0 
a4031000-a4100000 rw-p 00000000 00:00 0          [stack:26086]
a4100000-a42d8000 r--s 03d09000 08:01 144591     /home/onglchen/proenv/jdk8/jre/lib/rt.jar
a42d8000-a4579000 rw-p 00000000 00:00 0 
a4579000-a477f000 ---p 00000000 00:00 0 
a477f000-a4782000 rw-p 00000000 00:00 0 
a4782000-a47a9000 ---p 00000000 00:00 0 
a47a9000-a47af000 rw-p 00000000 00:00 0 
a47af000-a47ff000 ---p 00000000 00:00 0 
a47ff000-a4d50000 rw-p 00000000 00:00 0 
a4d50000-a9d50000 ---p 00000000 00:00 0 
a9d50000-aa800000 rw-p 00000000 00:00 0 
aa800000-b4800000 ---p 00000000 00:00 0 
b4800000-b4802000 r--s 00018000 08:01 398422     /home/onglchen/.m2/repository/javax/servlet/servlet-api/2.5/servlet-api-2.5.jar
b4802000-b4804000 r--s 00007000 08:01 144447     /home/onglchen/proenv/jdk8/jre/lib/jfxswt.jar
b4804000-b4817000 r--s 00344000 08:01 144577     /home/onglchen/proenv/jdk8/jre/lib/resources.jar
b4817000-b482a000 r--s 000d5000 08:01 144520     /home/onglchen/proenv/jdk8/jre/lib/plugin.jar
b482a000-b4830000 rw-p 00000000 00:00 0 
b4830000-b4880000 ---p 00000000 00:00 0 
b4880000-b4883000 rw-p 00000000 00:00 0 
b4883000-b4900000 ---p 00000000 00:00 0 
b4900000-b49b8000 rwxp 00000000 00:00 0 
b49b8000-b6900000 ---p 00000000 00:00 0 
b6900000-b69fe000 rw-p 00000000 00:00 0 
b69fe000-b6a00000 ---p 00000000 00:00 0 
b6a00000-b6a01000 r--s 00003000 08:01 1069095    /home/onglchen/.m2/repository/com/googlecode/json-simple/json-simple/1.1/json-simple-1.1.jar
b6a01000-b6a06000 r--s 00083000 08:01 144563     /home/onglchen/proenv/jdk8/jre/lib/jfr.jar
b6a06000-b6a07000 r--s 00000000 08:01 144449     /home/onglchen/proenv/jdk8/jre/lib/management-agent.jar
b6a07000-b6a0a000 r--s 0001a000 08:01 144565     /home/onglchen/proenv/jdk8/jre/lib/jce.jar
b6a0a000-b6a13000 r--s 0006a000 08:01 144588     /home/onglchen/proenv/jdk8/jre/lib/javaws.jar
b6a13000-b6a2c000 r-xp 00000000 08:01 265872     /home/onglchen/proenv/jdk8/jre/lib/i386/libzip.so
b6a2c000-b6a2d000 rw-p 00018000 08:01 265872     /home/onglchen/proenv/jdk8/jre/lib/i386/libzip.so
b6a2d000-b6a38000 r-xp 00000000 08:01 394269     /lib/i386-linux-gnu/libnss_files-2.15.so
b6a38000-b6a39000 r--p 0000a000 08:01 394269     /lib/i386-linux-gnu/libnss_files-2.15.so
b6a39000-b6a3a000 rw-p 0000b000 08:01 394269     /lib/i386-linux-gnu/libnss_files-2.15.so
b6a3a000-b6a44000 r-xp 00000000 08:01 394273     /lib/i386-linux-gnu/libnss_nis-2.15.so
b6a44000-b6a45000 r--p 00009000 08:01 394273     /lib/i386-linux-gnu/libnss_nis-2.15.so
b6a45000-b6a46000 rw-p 0000a000 08:01 394273     /lib/i386-linux-gnu/libnss_nis-2.15.so
b6a46000-b6a5c000 r-xp 00000000 08:01 394263     /lib/i386-linux-gnu/libnsl-2.15.so
b6a5c000-b6a5d000 r--p 00015000 08:01 394263     /lib/i386-linux-gnu/libnsl-2.15.so
b6a5d000-b6a5e000 rw-p 00016000 08:01 394263     /lib/i386-linux-gnu/libnsl-2.15.so
b6a5e000-b6a60000 rw-p 00000000 00:00 0 
b6a60000-b6a67000 r-xp 00000000 08:01 394265     /lib/i386-linux-gnu/libnss_compat-2.15.so
b6a67000-b6a68000 r--p 00006000 08:01 394265     /lib/i386-linux-gnu/libnss_compat-2.15.so
b6a68000-b6a69000 rw-p 00007000 08:01 394265     /lib/i386-linux-gnu/libnss_compat-2.15.so
b6a69000-b6a6e000 r--s 00094000 08:01 144521     /home/onglchen/proenv/jdk8/jre/lib/jsse.jar
b6a6e000-b6a76000 r--s 000c7000 08:01 156272     /home/onglchen/proenv/jdk8/jre/lib/ext/mysql-connector-java-5.1.24-bin.jar
b6a76000-b6a7d000 r--s 00051000 08:01 149832     /home/onglchen/proenv/jdk8/jre/lib/ext/fastjson-1.1.26.jar
b6a7d000-b6a7e000 r--s 00003000 08:01 942492     /home/onglchen/proenv/jdk8/jre/lib/ext/json-simple-1.1.jar
b6a7e000-b6a7f000 r--p 005e0000 08:01 531480     /usr/lib/locale/locale-archive
b6a7f000-b6aa3000 r-xp 00000000 08:01 265841     /home/onglchen/proenv/jdk8/jre/lib/i386/libjava.so
b6aa3000-b6aa4000 rw-p 00023000 08:01 265841     /home/onglchen/proenv/jdk8/jre/lib/i386/libjava.so
b6aa4000-b6aab000 r-xp 00000000 08:01 394304     /lib/i386-linux-gnu/librt-2.15.so
b6aab000-b6aac000 r--p 00006000 08:01 394304     /lib/i386-linux-gnu/librt-2.15.so
b6aac000-b6aad000 rw-p 00007000 08:01 394304     /lib/i386-linux-gnu/librt-2.15.so
b6aad000-b6ab0000 ---p 00000000 00:00 0 
b6ab0000-b6afe000 rw-p 00000000 00:00 0          [stack:26085]
b6afe000-b6b28000 r-xp 00000000 08:01 394250     /lib/i386-linux-gnu/libm-2.15.so
b6b28000-b6b29000 r--p 00029000 08:01 394250     /lib/i386-linux-gnu/libm-2.15.so
b6b29000-b6b2a000 rw-p 0002a000 08:01 394250     /lib/i386-linux-gnu/libm-2.15.so
b6b2a000-b716f000 r-xp 00000000 08:01 265890     /home/onglchen/proenv/jdk8/jre/lib/i386/client/libjvm.so
b716f000-b7195000 rw-p 00644000 08:01 265890     /home/onglchen/proenv/jdk8/jre/lib/i386/client/libjvm.so
b7195000-b75b8000 rw-p 00000000 00:00 0 
b75b8000-b775c000 r-xp 00000000 08:01 394218     /lib/i386-linux-gnu/libc-2.15.so
b775c000-b775e000 r--p 001a4000 08:01 394218     /lib/i386-linux-gnu/libc-2.15.so
b775e000-b775f000 rw-p 001a6000 08:01 394218     /lib/i386-linux-gnu/libc-2.15.so
b775f000-b7762000 rw-p 00000000 00:00 0 
b7762000-b7765000 r-xp 00000000 08:01 394231     /lib/i386-linux-gnu/libdl-2.15.so
b7765000-b7766000 r--p 00002000 08:01 394231     /lib/i386-linux-gnu/libdl-2.15.so
b7766000-b7767000 rw-p 00003000 08:01 394231     /lib/i386-linux-gnu/libdl-2.15.so
b7767000-b777b000 r-xp 00000000 08:01 144010     /home/onglchen/proenv/jdk8/lib/i386/jli/libjli.so
b777b000-b777c000 rw-p 00014000 08:01 144010     /home/onglchen/proenv/jdk8/lib/i386/jli/libjli.so
b777c000-b777d000 rw-p 00000000 00:00 0 
b777d000-b7794000 r-xp 00000000 08:01 394298     /lib/i386-linux-gnu/libpthread-2.15.so
b7794000-b7795000 r--p 00016000 08:01 394298     /lib/i386-linux-gnu/libpthread-2.15.so
b7795000-b7796000 rw-p 00017000 08:01 394298     /lib/i386-linux-gnu/libpthread-2.15.so
b7796000-b7798000 rw-p 00000000 00:00 0 
b7798000-b77a0000 rw-s 00000000 08:01 148858     /tmp/hsperfdata_onglchen/26083
b77a0000-b77a1000 rw-p 00000000 00:00 0 
b77a1000-b77a2000 r--p 00000000 00:00 0 
b77a2000-b77ad000 r-xp 00000000 08:01 265909     /home/onglchen/proenv/jdk8/jre/lib/i386/libverify.so
b77ad000-b77ae000 rw-p 0000b000 08:01 265909     /home/onglchen/proenv/jdk8/jre/lib/i386/libverify.so
b77ae000-b77b0000 rw-p 00000000 00:00 0 
b77b0000-b77b1000 r-xp 00000000 00:00 0          [vdso]
b77b1000-b77d1000 r-xp 00000000 08:01 394198     /lib/i386-linux-gnu/ld-2.15.so
b77d1000-b77d2000 r--p 0001f000 08:01 394198     /lib/i386-linux-gnu/ld-2.15.so
b77d2000-b77d3000 rw-p 00020000 08:01 394198     /lib/i386-linux-gnu/ld-2.15.so
bfb3d000-bfb3e000 rwxp 00000000 00:00 0 
bfb6f000-bfb91000 rw-p 00000000 00:00 0          [stack]

VM Arguments:
jvm_args: -Didea.launcher.port=7533 -Didea.launcher.bin.path=/home/onglchen/proenv/idea-IU-141.177.4/bin -Dfile.encoding=UTF-8 
java_command: com.intellij.rt.execution.application.AppMain org.chudian.mj.jni.GenAssert
java_class_path (initial): /home/onglchen/proenv/jdk8/jre/lib/javaws.jar:/home/onglchen/proenv/jdk8/jre/lib/jsse.jar:/home/onglchen/proenv/jdk8/jre/lib/rt.jar:/home/onglchen/proenv/jdk8/jre/lib/jce.jar:/home/onglchen/proenv/jdk8/jre/lib/plugin.jar:/home/onglchen/proenv/jdk8/jre/lib/management-agent.jar:/home/onglchen/proenv/jdk8/jre/lib/deploy.jar:/home/onglchen/proenv/jdk8/jre/lib/jfr.jar:/home/onglchen/proenv/jdk8/jre/lib/resources.jar:/home/onglchen/proenv/jdk8/jre/lib/jfxswt.jar:/home/onglchen/proenv/jdk8/jre/lib/charsets.jar:/home/onglchen/proenv/jdk8/jre/lib/ext/dnsns.jar:/home/onglchen/proenv/jdk8/jre/lib/ext/sunpkcs11.jar:/home/onglchen/proenv/jdk8/jre/lib/ext/cldrdata.jar:/home/onglchen/proenv/jdk8/jre/lib/ext/jfxrt.jar:/home/onglchen/proenv/jdk8/jre/lib/ext/nashorn.jar:/home/onglchen/proenv/jdk8/jre/lib/ext/zipfs.jar:/home/onglchen/proenv/jdk8/jre/lib/ext/sunjce_provider.jar:/home/onglchen/proenv/jdk8/jre/lib/ext/localedata.jar:/home/onglchen/proenv/jdk8/jre/lib/ext/sunec.jar:/home/onglchen/proenv/jdk8/jre/lib/ext/json-simple-1.1.jar:/home/onglchen/proenv/jdk8/jre/lib/ext/fastjson-1.1.26.jar:/home/onglchen/proenv/jdk8/jre/lib/ext/mysql-connector-java-5.1.24-bin.jar:/home/onglchen/proenv/projects/mjproject_new/out/production/main:/home/onglchen/.m2/repository/javax/servlet/servlet-api/2.5/servlet-api-2.5.jar:/home/onglchen/.m2/repository/org/springframework/spring-web/4.0.5.RELEASE/spring-web-4.0.5.RELEASE.jar:/home/onglchen/.m2/repository/org/springframework/spring-beans/4.0.5.RELEASE/spring-beans-4.0.5.RELEASE.jar:/home/onglchen/.m2/repository/org/springframework/spring-context/4.0.5.RELEASE/spring-context-4.0.5.RELEASE.jar:/home/onglchen/.m2/repository/org/springframework/spring-tx/4.0.5.RELEASE/spring-tx-4.0.5.RELEASE.jar:/home/onglchen/.m2/repository/commons-logging/commons-logging/1.1.1/commons-logging-1.1.1.jar:/home/onglchen/.m2/repository/log4j/log4j/1.2.17/log4j-1.2.17.jar:/home/onglchen/.m2/repository/org/springframework/spring-core/4.0.5.RELEA
Launcher Type: SUN_STANDARD

Environment Variables:
JAVA_HOME=/home/onglchen/proenv/jdk8
JRE_HOME=/home/onglchen/proenv/jdk8/jre
CLASSPATH=./../lib/bootstrap.jar:./../lib/extensions.jar:./../lib/util.jar:./../lib/jdom.jar:./../lib/log4j.jar:./../lib/trove4j.jar:./../lib/jna.jar:/home/onglchen/proenv/jdk8/lib/tools.jar
PATH=/home/onglchen/proenv/jdk8/bin:/home/onglchen/proenv/gradle-2.6/bin:/home/onglchen/proenv/apache-maven-3.0.4/bin:/home/onglchen/proenv/jdk8/bin:/usr/lib/lightdm/lightdm:/usr/local/sbin:/usr/local/bin:/usr/sbin:/usr/bin:/sbin:/bin:/usr/games:/home/onglchen/proenv/sdk/tools:/home/onglchen/proenv/sdk/platform-tools
LD_LIBRARY_PATH=.:
SHELL=/bin/bash
DISPLAY=:0.0

Signal Handlers:
SIGSEGV: [libjvm.so+0x5af260], sa_mask[0]=11111111011111111101111111111110, sa_flags=SA_RESTART|SA_SIGINFO
SIGBUS: [libjvm.so+0x5af260], sa_mask[0]=11111111011111111101111111111110, sa_flags=SA_RESTART|SA_SIGINFO
SIGFPE: [libjvm.so+0x48fd10], sa_mask[0]=11111111011111111101111111111110, sa_flags=SA_RESTART|SA_SIGINFO
SIGPIPE: [libjvm.so+0x48fd10], sa_mask[0]=11111111011111111101111111111110, sa_flags=SA_RESTART|SA_SIGINFO
SIGXFSZ: [libjvm.so+0x48fd10], sa_mask[0]=11111111011111111101111111111110, sa_flags=SA_RESTART|SA_SIGINFO
SIGILL: [libjvm.so+0x48fd10], sa_mask[0]=11111111011111111101111111111110, sa_flags=SA_RESTART|SA_SIGINFO
SIGUSR1: SIG_DFL, sa_mask[0]=00000000000000000000000000000000, sa_flags=none
SIGUSR2: [libjvm.so+0x4912a0], sa_mask[0]=00100000000000000000000000000000, sa_flags=SA_RESTART|SA_SIGINFO
SIGHUP: [libjvm.so+0x492750], sa_mask[0]=11111111011111111101111111111110, sa_flags=SA_RESTART|SA_SIGINFO
SIGINT: [libjvm.so+0x492750], sa_mask[0]=11111111011111111101111111111110, sa_flags=SA_RESTART|SA_SIGINFO
SIGTERM: [libjvm.so+0x492750], sa_mask[0]=11111111011111111101111111111110, sa_flags=SA_RESTART|SA_SIGINFO
SIGQUIT: [libjvm.so+0x492750], sa_mask[0]=11111111011111111101111111111110, sa_flags=SA_RESTART|SA_SIGINFO


---------------  S Y S T E M  ---------------

OS:DISTRIB_ID=Ubuntu
DISTRIB_RELEASE=12.04
DISTRIB_CODENAME=precise
DISTRIB_DESCRIPTION="Ubuntu 12.04.4 LTS"

uname:Linux 3.11.0-15-generic #25~precise1-Ubuntu SMP Thu Jan 30 17:42:40 UTC 2014 i686
libc:glibc 2.15 NPTL 2.15 
rlimit: STACK 8192k, CORE 0k, NPROC 32123, NOFILE 4096, AS infinity
load average:0.32 0.12 0.08

/proc/meminfo:
MemTotal:        4129424 kB
MemFree:          238236 kB
Buffers:          244596 kB
Cached:          1614740 kB
SwapCached:            0 kB
Active:          2635052 kB
Inactive:        1084800 kB
Active(anon):    1686432 kB
Inactive(anon):   202484 kB
Active(file):     948620 kB
Inactive(file):   882316 kB
Unevictable:          20 kB
Mlocked:              20 kB
HighTotal:       3280776 kB
HighFree:          41152 kB
LowTotal:         848648 kB
LowFree:          197084 kB
SwapTotal:       1046524 kB
SwapFree:        1046388 kB
Dirty:             14464 kB
Writeback:             0 kB
AnonPages:       1860600 kB
Mapped:           189024 kB
Shmem:             28340 kB
Slab:             112324 kB
SReclaimable:      93300 kB
SUnreclaim:        19024 kB
KernelStack:        4440 kB
PageTables:        12612 kB
NFS_Unstable:          0 kB
Bounce:                0 kB
WritebackTmp:          0 kB
CommitLimit:     3111236 kB
Committed_AS:    4565680 kB
VmallocTotal:     122880 kB
VmallocUsed:       24392 kB
VmallocChunk:      97732 kB
HardwareCorrupted:     0 kB
AnonHugePages:         0 kB
HugePages_Total:       0
HugePages_Free:        0
HugePages_Rsvd:        0
HugePages_Surp:        0
Hugepagesize:       2048 kB
DirectMap4k:       14328 kB
DirectMap2M:      899072 kB


CPU:total 1 (1 cores per cpu, 1 threads per core) family 6 model 58 stepping 9, cmov, cx8, fxsr, mmx, sse, sse2, sse3, ssse3, sse4.1, sse4.2, popcnt, avx, aes, clmul, erms, tsc, tscinvbit, tscinv

/proc/cpuinfo:
processor	: 0
vendor_id	: GenuineIntel
cpu family	: 6
model		: 58
model name	: Intel(R) Core(TM) i7-3610QM CPU @ 2.30GHz
stepping	: 9
microcode	: 0x1b
cpu MHz		: 2294.796
cache size	: 6144 KB
fdiv_bug	: no
f00f_bug	: no
coma_bug	: no
fpu		: yes
fpu_exception	: yes
cpuid level	: 13
wp		: yes
flags		: fpu vme de pse tsc msr pae mce cx8 apic sep mtrr pge mca cmov pat pse36 clflush dts mmx fxsr sse sse2 ss nx rdtscp lm constant_tsc arch_perfmon pebs bts xtopology tsc_reliable nonstop_tsc aperfmperf pni pclmulqdq ssse3 cx16 pcid sse4_1 sse4_2 x2apic popcnt aes xsave avx f16c rdrand hypervisor lahf_lm ida arat epb pln pts dtherm fsgsbase smep
bogomips	: 4589.59
clflush size	: 64
cache_alignment	: 64
address sizes	: 40 bits physical, 48 bits virtual
power management:



Memory: 4k page, physical 4129424k(238236k free), swap 1046524k(1046388k free)

vm_info: Java HotSpot(TM) Client VM (25.40-b25) for linux-x86 JRE (1.8.0_40-b26), built on Mar  7 2015 13:54:09 by "java_re" with gcc 4.3.0 20080428 (Red Hat 4.3.0-8)

time: Tue Apr  5 11:18:14 2016
elapsed time: 0 seconds (0d 0h 0m 0s)

