#
# A fatal error has been detected by the Java Runtime Environment:
#
#  SIGSEGV (0xb) at pc=0xb755b2f2, pid=26190, tid=3064183616
#
# JRE version: Java(TM) SE Runtime Environment (8.0_40-b26) (build 1.8.0_40-b26)
# Java VM: Java HotSpot(TM) Client VM (25.40-b25 mixed mode linux-x86 )
# Problematic frame:
# C  [libc.so.6+0x652f2]  fclose+0x22
#
# Failed to write core dump. Core dumps have been disabled. To enable core dumping, try "ulimit -c unlimited" before starting Java again
#
# If you would like to submit a bug report, please visit:
#   http://bugreport.java.com/bugreport/crash.jsp
# The crash happened outside the Java Virtual Machine in native code.
# See problematic frame for where to report the bug.
#

---------------  T H R E A D  ---------------

Current thread (0xb6808800):  JavaThread "main" [_thread_in_native, id=26192, stack(0xb69eb000,0xb6a3c000)]

siginfo: si_signo: 11 (SIGSEGV), si_code: 1 (SEGV_MAPERR), si_addr: 0x0000006e

Registers:
EAX=0x00000028, EBX=0xb769bff4, ECX=0xb6800010, EDX=0xb6800010
ESP=0xb6a3a120, EBP=0xb6a3a828, ESI=0x00000028, EDI=0xa35c5ad7
EIP=0xb755b2f2, EFLAGS=0x00010292, CR2=0x0000006e

Top of Stack: (sp=0xb6a3a120)
0xb6a3a120:   b769bff4 a35f7ff4 a35fadc8 a35c5ad7
0xb6a3a130:   b6a3a828 b77036b0 b6800010 a35f7ff4
0xb6a3a140:   a35fadc8 a35c5ad7 b6a3a828 a3543a3e
0xb6a3a150:   00000028 a35c5b50 a35fada0 a35fdde8
0xb6a3a160:   a35fddec a35fad18 b4650548 b70bd050
0xb6a3a170:   a38eacf8 00000028 b6a3a1b8 b756c5e9
0xb6a3a180:   a38eacf8 00000028 00000007 b76a3ff4
0xb6a3a190:   00000000 00000000 00000000 00000000 

Instructions: (pc=0xb755b2f2)
0xb755b2d2:   2c 89 74 24 20 8b 74 24 30 89 5c 24 1c 89 7c 24
0xb755b2e2:   24 89 6c 24 28 e8 67 6a 0c 00 81 c3 08 0d 14 00
0xb755b2f2:   80 7e 46 00 0f 85 8c 01 00 00 8b 0e f6 c5 20 89
0xb755b302:   ca 0f 85 4f 01 00 00 89 c8 25 00 80 00 00 75 36 

Register to memory mapping:

EAX=0x00000028 is an unknown value
EBX=0xb769bff4: <offset 0x1a5ff4> in /lib/i386-linux-gnu/libc.so.6 at 0xb74f6000
ECX=0xb6800010 is an unknown value
EDX=0xb6800010 is an unknown value
ESP=0xb6a3a120 is pointing into the stack for thread: 0xb6808800
EBP=0xb6a3a828 is pointing into the stack for thread: 0xb6808800
ESI=0x00000028 is an unknown value
EDI=0xa35c5ad7: <offset 0xf4ad7> in /home/onglchen/proenv/userlib/libGenAssert.so at 0xa34d1000


Stack: [0xb69eb000,0xb6a3c000],  sp=0xb6a3a120,  free space=316k
Native frames: (J=compiled Java code, j=interpreted, Vv=VM code, C=native code)
C  [libc.so.6+0x652f2]  fclose+0x22
C  [libGenAssert.so+0x72ad3]  train(char const*, char const*, char const*)+0x6b
C  [libGenAssert.so+0x7321c]  Java_org_chudian_mj_jni_GenAssert_Train+0x82
j  org.chudian.mj.jni.GenAssert.Train(Ljava/lang/String;Ljava/lang/String;Ljava/lang/String;)I+0
j  org.chudian.mj.jni.GenAssert.main([Ljava/lang/String;)V+33
v  ~StubRoutines::call_stub
V  [libjvm.so+0x2f0f9f]  JavaCalls::call_helper(JavaValue*, methodHandle*, JavaCallArguments*, Thread*)+0x101f
V  [libjvm.so+0x48e069]  os::os_exception_wrapper(void (*)(JavaValue*, methodHandle*, JavaCallArguments*, Thread*), JavaValue*, methodHandle*, JavaCallArguments*, Thread*)+0x19
V  [libjvm.so+0x2ef56f]  JavaCalls::call(JavaValue*, methodHandle, JavaCallArguments*, Thread*)+0x2f
V  [libjvm.so+0x4d53a2]  Reflection::invoke(instanceKlassHandle, methodHandle, Handle, bool, objArrayHandle, BasicType, objArrayHandle, bool, Thread*)+0x4d2
V  [libjvm.so+0x4d86e8]  Reflection::invoke_method(oopDesc*, Handle, objArrayHandle, Thread*)+0x148
V  [libjvm.so+0x379d0f]  JVM_InvokeMethod+0x25f
C  [libjava.so+0xd4f2]  Java_sun_reflect_NativeMethodAccessorImpl_invoke0+0x32
j  sun.reflect.NativeMethodAccessorImpl.invoke0(Ljava/lang/reflect/Method;Ljava/lang/Object;[Ljava/lang/Object;)Ljava/lang/Object;+0
j  sun.reflect.NativeMethodAccessorImpl.invoke(Ljava/lang/Object;[Ljava/lang/Object;)Ljava/lang/Object;+100
j  sun.reflect.DelegatingMethodAccessorImpl.invoke(Ljava/lang/Object;[Ljava/lang/Object;)Ljava/lang/Object;+6
j  java.lang.reflect.Method.invoke(Ljava/lang/Object;[Ljava/lang/Object;)Ljava/lang/Object;+56
j  com.intellij.rt.execution.application.AppMain.main([Ljava/lang/String;)V+157
v  ~StubRoutines::call_stub
V  [libjvm.so+0x2f0f9f]  JavaCalls::call_helper(JavaValue*, methodHandle*, JavaCallArguments*, Thread*)+0x101f
V  [libjvm.so+0x48e069]  os::os_exception_wrapper(void (*)(JavaValue*, methodHandle*, JavaCallArguments*, Thread*), JavaValue*, methodHandle*, JavaCallArguments*, Thread*)+0x19
V  [libjvm.so+0x2ef56f]  JavaCalls::call(JavaValue*, methodHandle, JavaCallArguments*, Thread*)+0x2f
V  [libjvm.so+0x3398bf]  jni_invoke_static(JNIEnv_*, JavaValue*, _jobject*, JNICallType, _jmethodID*, JNI_ArgumentPusher*, Thread*)+0x38f
V  [libjvm.so+0x34c33f]  jni_CallStaticVoidMethod+0xdf
C  [libjli.so+0x7666]  JavaMain+0x8d6
C  [libpthread.so.0+0x6d4c]  start_thread+0xcc
C  [libc.so.6+0xefbae]  clone+0x5e

Java frames: (J=compiled Java code, j=interpreted, Vv=VM code)
j  org.chudian.mj.jni.GenAssert.Train(Ljava/lang/String;Ljava/lang/String;Ljava/lang/String;)I+0
j  org.chudian.mj.jni.GenAssert.main([Ljava/lang/String;)V+33
v  ~StubRoutines::call_stub
j  sun.reflect.NativeMethodAccessorImpl.invoke0(Ljava/lang/reflect/Method;Ljava/lang/Object;[Ljava/lang/Object;)Ljava/lang/Object;+0
j  sun.reflect.NativeMethodAccessorImpl.invoke(Ljava/lang/Object;[Ljava/lang/Object;)Ljava/lang/Object;+100
j  sun.reflect.DelegatingMethodAccessorImpl.invoke(Ljava/lang/Object;[Ljava/lang/Object;)Ljava/lang/Object;+6
j  java.lang.reflect.Method.invoke(Ljava/lang/Object;[Ljava/lang/Object;)Ljava/lang/Object;+56
j  com.intellij.rt.execution.application.AppMain.main([Ljava/lang/String;)V+157
v  ~StubRoutines::call_stub

---------------  P R O C E S S  ---------------

Java Threads: ( => current thread )
  0xa38e9400 JavaThread "Monitor Ctrl-Break" daemon [_thread_in_native, id=26210, stack(0xa37af000,0xa3800000)]
  0xb6885400 JavaThread "Service Thread" daemon [_thread_blocked, id=26203, stack(0xa3a8c000,0xa3add000)]
  0xb6881c00 JavaThread "C1 CompilerThread0" daemon [_thread_blocked, id=26202, stack(0xa3add000,0xa3b5e000)]
  0xb6880400 JavaThread "Signal Dispatcher" daemon [_thread_blocked, id=26201, stack(0xa3b5e000,0xa3baf000)]
  0xb6863800 JavaThread "Finalizer" daemon [_thread_blocked, id=26197, stack(0xa3daf000,0xa3e00000)]
  0xb6862000 JavaThread "Reference Handler" daemon [_thread_blocked, id=26196, stack(0xa3f0a000,0xa3f5b000)]
=>0xb6808800 JavaThread "main" [_thread_in_native, id=26192, stack(0xb69eb000,0xb6a3c000)]

Other Threads:
  0xb685f000 VMThread [stack: 0xa3f5b000,0xa3fdc000] [id=26194]
  0xb6887400 WatcherThread [stack: 0xa3a0b000,0xa3a8c000] [id=26204]

VM state:not at safepoint (normal execution)

VM Mutex/Monitor currently owned by a thread: None

Heap:
 def new generation   total 4928K, used 1351K [0xa4600000, 0xa4b50000, 0xa9b50000)
  eden space 4416K,  30% used [0xa4600000, 0xa4751d40, 0xa4a50000)
  from space 512K,   0% used [0xa4a50000, 0xa4a50000, 0xa4ad0000)
  to   space 512K,   0% used [0xa4ad0000, 0xa4ad0000, 0xa4b50000)
 tenured generation   total 10944K, used 0K [0xa9b50000, 0xaa600000, 0xb4600000)
   the space 10944K,   0% used [0xa9b50000, 0xa9b50000, 0xa9b50200, 0xaa600000)
 Metaspace       used 1936K, capacity 2208K, committed 2328K, reserved 4400K

Card table byte_map: [0xb46ff000,0xb4780000] byte_map_base: 0xb41dc000

Polling page: 0xb76df000

CodeCache: size=32768Kb used=704Kb max_used=704Kb free=32063Kb
 bounds [0xb4800000, 0xb48b8000, 0xb6800000]
 total_blobs=162 nmethods=22 adapters=71
 compilation: enabled

Compilation events (10 events):
Event: 0.466 Thread 0xb6881c00   18             java.lang.String::startsWith (72 bytes)
Event: 0.467 Thread 0xb6881c00 nmethod 18 0xb48aefc8 code [0xb48af0d0, 0xb48af200]
Event: 0.467 Thread 0xb6881c00   19             java.lang.String::indexOf (166 bytes)
Event: 0.468 Thread 0xb6881c00 nmethod 19 0xb48af348 code [0xb48af460, 0xb48af690]
Event: 0.470 Thread 0xb6881c00   20             java.lang.String::length (6 bytes)
Event: 0.470 Thread 0xb6881c00 nmethod 20 0xb48af9c8 code [0xb48afac0, 0xb48afb50]
Event: 0.482 Thread 0xb6881c00   21             java.lang.Math::max (11 bytes)
Event: 0.482 Thread 0xb6881c00 nmethod 21 0xb48afbc8 code [0xb48afcc0, 0xb48afd30]
Event: 0.484 Thread 0xb6881c00   22             java.util.jar.JarFile::match (116 bytes)
Event: 0.485 Thread 0xb6881c00 nmethod 22 0xb48afd88 code [0xb48afea0, 0xb48b0040]

GC Heap History (0 events):
No events

Deoptimization events (0 events):
No events

Internal exceptions (2 events):
Event: 0.158 Thread 0xb6808800 Exception <a 'java/lang/NoSuchMethodError': Method sun.misc.Unsafe.defineClass(Ljava/lang/String;[BII)Ljava/lang/Class; name or signature does not match> (0xa46103f8) thrown at [/HUDSON3/workspace/8-2-build-linux-i586/jdk8u40/3098/hotspot/src/share/vm/pri
Event: 0.158 Thread 0xb6808800 Exception <a 'java/lang/NoSuchMethodError': Method sun.misc.Unsafe.prefetchRead(Ljava/lang/Object;J)V name or signature does not match> (0xa4610678) thrown at [/HUDSON3/workspace/8-2-build-linux-i586/jdk8u40/3098/hotspot/src/share/vm/prims/jni.cpp, line 3

Events (10 events):
Event: 0.563 loading class java/lang/IllegalAccessException
Event: 0.563 loading class java/lang/IllegalAccessException done
Event: 0.563 loading class java/lang/reflect/TypeVariable
Event: 0.563 loading class java/lang/reflect/TypeVariable done
Event: 0.563 loading class java/lang/reflect/AnnotatedType
Event: 0.563 loading class java/lang/reflect/AnnotatedType done
Event: 0.563 loading class sun/reflect/NativeMethodAccessorImpl
Event: 0.564 loading class sun/reflect/NativeMethodAccessorImpl done
Event: 0.564 loading class sun/reflect/DelegatingMethodAccessorImpl
Event: 0.564 loading class sun/reflect/DelegatingMethodAccessorImpl done


Dynamic libraries:
08048000-08049000 r-xp 00000000 08:01 265942     /home/onglchen/proenv/jdk8/bin/java
08049000-0804a000 rw-p 00000000 08:01 265942     /home/onglchen/proenv/jdk8/bin/java
09e85000-09f87000 rw-p 00000000 00:00 0          [heap]
a32e5000-a33ec000 rw-p 00000000 00:00 0 
a33ec000-a34c4000 r-xp 00000000 08:01 530917     /usr/lib/i386-linux-gnu/libstdc++.so.6.0.16
a34c4000-a34c5000 ---p 000d8000 08:01 530917     /usr/lib/i386-linux-gnu/libstdc++.so.6.0.16
a34c5000-a34c9000 r--p 000d8000 08:01 530917     /usr/lib/i386-linux-gnu/libstdc++.so.6.0.16
a34c9000-a34ca000 rw-p 000dc000 08:01 530917     /usr/lib/i386-linux-gnu/libstdc++.so.6.0.16
a34ca000-a34d1000 rw-p 00000000 00:00 0 
a34d1000-a35f7000 r-xp 00000000 08:01 988998     /home/onglchen/proenv/userlib/libGenAssert.so
a35f7000-a35f8000 r--p 00126000 08:01 988998     /home/onglchen/proenv/userlib/libGenAssert.so
a35f8000-a35fb000 rw-p 00127000 08:01 988998     /home/onglchen/proenv/userlib/libGenAssert.so
a35fb000-a3600000 rw-p 00000000 00:00 0 
a3600000-a3632000 rw-p 00000000 00:00 0 
a3632000-a3700000 ---p 00000000 00:00 0 
a3743000-a37af000 rw-p 00000000 00:00 0 
a37af000-a37b2000 ---p 00000000 00:00 0 
a37b2000-a3800000 rw-p 00000000 00:00 0          [stack:26210]
a3800000-a38ff000 rw-p 00000000 00:00 0 
a38ff000-a3900000 ---p 00000000 00:00 0 
a3900000-a391c000 r-xp 00000000 08:01 394239     /lib/i386-linux-gnu/libgcc_s.so.1
a391c000-a391d000 r--p 0001b000 08:01 394239     /lib/i386-linux-gnu/libgcc_s.so.1
a391d000-a391e000 rw-p 0001c000 08:01 394239     /lib/i386-linux-gnu/libgcc_s.so.1
a3931000-a3934000 rw-p 00000000 00:00 0 
a3934000-a3949000 r-xp 00000000 08:01 265847     /home/onglchen/proenv/jdk8/jre/lib/i386/libnet.so
a3949000-a394a000 rw-p 00014000 08:01 265847     /home/onglchen/proenv/jdk8/jre/lib/i386/libnet.so
a394a000-a394b000 r-xp 00000000 08:01 931202     /home/onglchen/proenv/idea-IU-141.177.4/bin/libbreakgen.so
a394b000-a394c000 rw-p 00000000 08:01 931202     /home/onglchen/proenv/idea-IU-141.177.4/bin/libbreakgen.so
a394c000-a394f000 r--s 00024000 08:01 269657     /home/onglchen/.m2/repository/net/sf/json-lib/json-lib/2.4/json-lib-2.4-jdk15.jar
a394f000-a3966000 r--s 00159000 08:01 928583     /home/onglchen/.m2/repository/org/apache/ant/ant/1.8.0/ant-1.8.0.jar
a3966000-a3972000 r--s 00096000 08:01 398377     /home/onglchen/.m2/repository/org/springframework/spring-webmvc/4.0.5.RELEASE/spring-webmvc-4.0.5.RELEASE.jar
a3972000-a398b000 r--s 0014e000 08:01 1069090    /home/onglchen/.m2/repository/com/alibaba/druid/0.2.9/druid-0.2.9.jar
a398b000-a39a2000 r--s 0019f000 08:01 1069091    /home/onglchen/.m2/repository/org/aspectj/aspectjweaver/1.7.1/aspectjweaver-1.7.1.jar
a39a2000-a39a9000 r--s 00051000 08:01 1069089    /home/onglchen/.m2/repository/com/alibaba/fastjson/1.1.26/fastjson-1.1.26.jar
a39a9000-a39bd000 r--s 000db000 08:01 398392     /home/onglchen/.m2/repository/org/springframework/spring-core/4.0.5.RELEASE/spring-core-4.0.5.RELEASE.jar
a39bd000-a39c6000 r--s 0006f000 08:01 398403     /home/onglchen/.m2/repository/log4j/log4j/1.2.17/log4j-1.2.17.jar
a39c6000-a39dd000 r--s 000d8000 08:01 398379     /home/onglchen/.m2/repository/org/springframework/spring-context/4.0.5.RELEASE/spring-context-4.0.5.RELEASE.jar
a39dd000-a39e9000 r--s 00098000 08:01 398375     /home/onglchen/.m2/repository/org/springframework/spring-beans/4.0.5.RELEASE/spring-beans-4.0.5.RELEASE.jar
a39e9000-a39f8000 r--s 00096000 08:01 398387     /home/onglchen/.m2/repository/org/springframework/spring-web/4.0.5.RELEASE/spring-web-4.0.5.RELEASE.jar
a39f8000-a3a0b000 r--s 00344000 08:01 144577     /home/onglchen/proenv/jdk8/jre/lib/resources.jar
a3a0b000-a3a0c000 ---p 00000000 00:00 0 
a3a0c000-a3a8c000 rw-p 00000000 00:00 0          [stack:26204]
a3a8c000-a3a8f000 ---p 00000000 00:00 0 
a3a8f000-a3add000 rw-p 00000000 00:00 0          [stack:26203]
a3add000-a3ae0000 ---p 00000000 00:00 0 
a3ae0000-a3b5e000 rw-p 00000000 00:00 0          [stack:26202]
a3b5e000-a3b61000 ---p 00000000 00:00 0 
a3b61000-a3baf000 rw-p 00000000 00:00 0          [stack:26201]
a3baf000-a3daf000 r--p 00000000 08:01 531480     /usr/lib/locale/locale-archive
a3daf000-a3db2000 ---p 00000000 00:00 0 
a3db2000-a3e00000 rw-p 00000000 00:00 0          [stack:26197]
a3e00000-a3e21000 rw-p 00000000 00:00 0 
a3e21000-a3f00000 ---p 00000000 00:00 0 
a3f00000-a3f02000 r--s 00016000 08:01 931298     /home/onglchen/proenv/idea-IU-141.177.4/lib/idea_rt.jar
a3f02000-a3f08000 r--s 00033000 08:01 398416     /home/onglchen/.m2/repository/commons-codec/commons-codec/1.6/commons-codec-1.6.jar
a3f08000-a3f0a000 r--s 0000d000 08:01 269664     /home/onglchen/.m2/repository/commons-logging/commons-logging/1.1.1/commons-logging-1.1.1.jar
a3f0a000-a3f0d000 ---p 00000000 00:00 0 
a3f0d000-a3f5b000 rw-p 00000000 00:00 0          [stack:26196]
a3f5b000-a3f5c000 ---p 00000000 00:00 0 
a3f5c000-a3fdc000 rw-p 00000000 00:00 0          [stack:26194]
a3fdc000-a41b4000 r--s 03d09000 08:01 144591     /home/onglchen/proenv/jdk8/jre/lib/rt.jar
a41b4000-a43fa000 rw-p 00000000 00:00 0 
a43fa000-a4600000 ---p 00000000 00:00 0 
a4600000-a4b50000 rw-p 00000000 00:00 0 
a4b50000-a9b50000 ---p 00000000 00:00 0 
a9b50000-aa600000 rw-p 00000000 00:00 0 
aa600000-b4600000 ---p 00000000 00:00 0 
b4600000-b4607000 r--s 00036000 08:01 398376     /home/onglchen/.m2/repository/org/springframework/spring-tx/4.0.5.RELEASE/spring-tx-4.0.5.RELEASE.jar
b4607000-b4609000 r--s 00018000 08:01 398422     /home/onglchen/.m2/repository/javax/servlet/servlet-api/2.5/servlet-api-2.5.jar
b4609000-b460e000 r--s 002f8000 08:01 144571     /home/onglchen/proenv/jdk8/jre/lib/charsets.jar
b460e000-b4610000 r--s 00007000 08:01 144447     /home/onglchen/proenv/jdk8/jre/lib/jfxswt.jar
b4610000-b4615000 r--s 00083000 08:01 144563     /home/onglchen/proenv/jdk8/jre/lib/jfr.jar
b4615000-b462f000 r--s 001f3000 08:01 144568     /home/onglchen/proenv/jdk8/jre/lib/deploy.jar
b462f000-b4642000 r--s 000d5000 08:01 144520     /home/onglchen/proenv/jdk8/jre/lib/plugin.jar
b4642000-b4645000 r--s 0001a000 08:01 144565     /home/onglchen/proenv/jdk8/jre/lib/jce.jar
b4645000-b464e000 r--s 0006a000 08:01 144588     /home/onglchen/proenv/jdk8/jre/lib/javaws.jar
b464e000-b46af000 rw-p 00000000 00:00 0 
b46af000-b46ff000 ---p 00000000 00:00 0 
b46ff000-b4702000 rw-p 00000000 00:00 0 
b4702000-b4729000 ---p 00000000 00:00 0 
b4729000-b472f000 rw-p 00000000 00:00 0 
b472f000-b477f000 ---p 00000000 00:00 0 
b477f000-b4783000 rw-p 00000000 00:00 0 
b4783000-b4800000 ---p 00000000 00:00 0 
b4800000-b48b8000 rwxp 00000000 00:00 0 
b48b8000-b6800000 ---p 00000000 00:00 0 
b6800000-b68fb000 rw-p 00000000 00:00 0 
b68fb000-b6900000 ---p 00000000 00:00 0 
b6900000-b6901000 r--s 00003000 08:01 1069095    /home/onglchen/.m2/repository/com/googlecode/json-simple/json-simple/1.1/json-simple-1.1.jar
b6901000-b6902000 r--s 00000000 08:01 144449     /home/onglchen/proenv/jdk8/jre/lib/management-agent.jar
b6902000-b6951000 rw-p 00000000 00:00 0 
b6951000-b696a000 r-xp 00000000 08:01 265872     /home/onglchen/proenv/jdk8/jre/lib/i386/libzip.so
b696a000-b696b000 rw-p 00018000 08:01 265872     /home/onglchen/proenv/jdk8/jre/lib/i386/libzip.so
b696b000-b6976000 r-xp 00000000 08:01 394269     /lib/i386-linux-gnu/libnss_files-2.15.so
b6976000-b6977000 r--p 0000a000 08:01 394269     /lib/i386-linux-gnu/libnss_files-2.15.so
b6977000-b6978000 rw-p 0000b000 08:01 394269     /lib/i386-linux-gnu/libnss_files-2.15.so
b6978000-b6982000 r-xp 00000000 08:01 394273     /lib/i386-linux-gnu/libnss_nis-2.15.so
b6982000-b6983000 r--p 00009000 08:01 394273     /lib/i386-linux-gnu/libnss_nis-2.15.so
b6983000-b6984000 rw-p 0000a000 08:01 394273     /lib/i386-linux-gnu/libnss_nis-2.15.so
b6984000-b699a000 r-xp 00000000 08:01 394263     /lib/i386-linux-gnu/libnsl-2.15.so
b699a000-b699b000 r--p 00015000 08:01 394263     /lib/i386-linux-gnu/libnsl-2.15.so
b699b000-b699c000 rw-p 00016000 08:01 394263     /lib/i386-linux-gnu/libnsl-2.15.so
b699c000-b699e000 rw-p 00000000 00:00 0 
b699e000-b69a5000 r-xp 00000000 08:01 394265     /lib/i386-linux-gnu/libnss_compat-2.15.so
b69a5000-b69a6000 r--p 00006000 08:01 394265     /lib/i386-linux-gnu/libnss_compat-2.15.so
b69a6000-b69a7000 rw-p 00007000 08:01 394265     /lib/i386-linux-gnu/libnss_compat-2.15.so
b69a7000-b69ac000 r--s 00094000 08:01 144521     /home/onglchen/proenv/jdk8/jre/lib/jsse.jar
b69ac000-b69b4000 r--s 000c7000 08:01 156272     /home/onglchen/proenv/jdk8/jre/lib/ext/mysql-connector-java-5.1.24-bin.jar
b69b4000-b69bb000 r--s 00051000 08:01 149832     /home/onglchen/proenv/jdk8/jre/lib/ext/fastjson-1.1.26.jar
b69bb000-b69bc000 r--s 00003000 08:01 942492     /home/onglchen/proenv/jdk8/jre/lib/ext/json-simple-1.1.jar
b69bc000-b69bd000 r--p 005e0000 08:01 531480     /usr/lib/locale/locale-archive
b69bd000-b69e1000 r-xp 00000000 08:01 265841     /home/onglchen/proenv/jdk8/jre/lib/i386/libjava.so
b69e1000-b69e2000 rw-p 00023000 08:01 265841     /home/onglchen/proenv/jdk8/jre/lib/i386/libjava.so
b69e2000-b69e9000 r-xp 00000000 08:01 394304     /lib/i386-linux-gnu/librt-2.15.so
b69e9000-b69ea000 r--p 00006000 08:01 394304     /lib/i386-linux-gnu/librt-2.15.so
b69ea000-b69eb000 rw-p 00007000 08:01 394304     /lib/i386-linux-gnu/librt-2.15.so
b69eb000-b69ee000 ---p 00000000 00:00 0 
b69ee000-b6a3c000 rw-p 00000000 00:00 0          [stack:26192]
b6a3c000-b6a66000 r-xp 00000000 08:01 394250     /lib/i386-linux-gnu/libm-2.15.so
b6a66000-b6a67000 r--p 00029000 08:01 394250     /lib/i386-linux-gnu/libm-2.15.so
b6a67000-b6a68000 rw-p 0002a000 08:01 394250     /lib/i386-linux-gnu/libm-2.15.so
b6a68000-b70ad000 r-xp 00000000 08:01 265890     /home/onglchen/proenv/jdk8/jre/lib/i386/client/libjvm.so
b70ad000-b70d3000 rw-p 00644000 08:01 265890     /home/onglchen/proenv/jdk8/jre/lib/i386/client/libjvm.so
b70d3000-b74f6000 rw-p 00000000 00:00 0 
b74f6000-b769a000 r-xp 00000000 08:01 394218     /lib/i386-linux-gnu/libc-2.15.so
b769a000-b769c000 r--p 001a4000 08:01 394218     /lib/i386-linux-gnu/libc-2.15.so
b769c000-b769d000 rw-p 001a6000 08:01 394218     /lib/i386-linux-gnu/libc-2.15.so
b769d000-b76a0000 rw-p 00000000 00:00 0 
b76a0000-b76a3000 r-xp 00000000 08:01 394231     /lib/i386-linux-gnu/libdl-2.15.so
b76a3000-b76a4000 r--p 00002000 08:01 394231     /lib/i386-linux-gnu/libdl-2.15.so
b76a4000-b76a5000 rw-p 00003000 08:01 394231     /lib/i386-linux-gnu/libdl-2.15.so
b76a5000-b76b9000 r-xp 00000000 08:01 144010     /home/onglchen/proenv/jdk8/lib/i386/jli/libjli.so
b76b9000-b76ba000 rw-p 00014000 08:01 144010     /home/onglchen/proenv/jdk8/lib/i386/jli/libjli.so
b76ba000-b76bb000 rw-p 00000000 00:00 0 
b76bb000-b76d2000 r-xp 00000000 08:01 394298     /lib/i386-linux-gnu/libpthread-2.15.so
b76d2000-b76d3000 r--p 00016000 08:01 394298     /lib/i386-linux-gnu/libpthread-2.15.so
b76d3000-b76d4000 rw-p 00017000 08:01 394298     /lib/i386-linux-gnu/libpthread-2.15.so
b76d4000-b76d6000 rw-p 00000000 00:00 0 
b76d6000-b76de000 rw-s 00000000 08:01 148940     /tmp/hsperfdata_onglchen/26190
b76de000-b76df000 rw-p 00000000 00:00 0 
b76df000-b76e0000 r--p 00000000 00:00 0 
b76e0000-b76eb000 r-xp 00000000 08:01 265909     /home/onglchen/proenv/jdk8/jre/lib/i386/libverify.so
b76eb000-b76ec000 rw-p 0000b000 08:01 265909     /home/onglchen/proenv/jdk8/jre/lib/i386/libverify.so
b76ec000-b76ee000 rw-p 00000000 00:00 0 
b76ee000-b76ef000 r-xp 00000000 00:00 0          [vdso]
b76ef000-b770f000 r-xp 00000000 08:01 394198     /lib/i386-linux-gnu/ld-2.15.so
b770f000-b7710000 r--p 0001f000 08:01 394198     /lib/i386-linux-gnu/ld-2.15.so
b7710000-b7711000 rw-p 00020000 08:01 394198     /lib/i386-linux-gnu/ld-2.15.so
bfa44000-bfa45000 rwxp 00000000 00:00 0 
bfa76000-bfa98000 rw-p 00000000 00:00 0          [stack]

VM Arguments:
jvm_args: -Didea.launcher.port=7535 -Didea.launcher.bin.path=/home/onglchen/proenv/idea-IU-141.177.4/bin -Dfile.encoding=UTF-8 
java_command: com.intellij.rt.execution.application.AppMain org.chudian.mj.jni.GenAssert
java_class_path (initial): /home/onglchen/proenv/jdk8/jre/lib/javaws.jar:/home/onglchen/proenv/jdk8/jre/lib/jsse.jar:/home/onglchen/proenv/jdk8/jre/lib/rt.jar:/home/onglchen/proenv/jdk8/jre/lib/jce.jar:/home/onglchen/proenv/jdk8/jre/lib/plugin.jar:/home/onglchen/proenv/jdk8/jre/lib/management-agent.jar:/home/onglchen/proenv/jdk8/jre/lib/deploy.jar:/home/onglchen/proenv/jdk8/jre/lib/jfr.jar:/home/onglchen/proenv/jdk8/jre/lib/resources.jar:/home/onglchen/proenv/jdk8/jre/lib/jfxswt.jar:/home/onglchen/proenv/jdk8/jre/lib/charsets.jar:/home/onglchen/proenv/jdk8/jre/lib/ext/dnsns.jar:/home/onglchen/proenv/jdk8/jre/lib/ext/sunpkcs11.jar:/home/onglchen/proenv/jdk8/jre/lib/ext/cldrdata.jar:/home/onglchen/proenv/jdk8/jre/lib/ext/jfxrt.jar:/home/onglchen/proenv/jdk8/jre/lib/ext/nashorn.jar:/home/onglchen/proenv/jdk8/jre/lib/ext/zipfs.jar:/home/onglchen/proenv/jdk8/jre/lib/ext/sunjce_provider.jar:/home/onglchen/proenv/jdk8/jre/lib/ext/localedata.jar:/home/onglchen/proenv/jdk8/jre/lib/ext/sunec.jar:/home/onglchen/proenv/jdk8/jre/lib/ext/json-simple-1.1.jar:/home/onglchen/proenv/jdk8/jre/lib/ext/fastjson-1.1.26.jar:/home/onglchen/proenv/jdk8/jre/lib/ext/mysql-connector-java-5.1.24-bin.jar:/home/onglchen/proenv/projects/mjproject_new/out/production/main:/home/onglchen/.m2/repository/javax/servlet/servlet-api/2.5/servlet-api-2.5.jar:/home/onglchen/.m2/repository/org/springframework/spring-web/4.0.5.RELEASE/spring-web-4.0.5.RELEASE.jar:/home/onglchen/.m2/repository/org/springframework/spring-beans/4.0.5.RELEASE/spring-beans-4.0.5.RELEASE.jar:/home/onglchen/.m2/repository/org/springframework/spring-context/4.0.5.RELEASE/spring-context-4.0.5.RELEASE.jar:/home/onglchen/.m2/repository/org/springframework/spring-tx/4.0.5.RELEASE/spring-tx-4.0.5.RELEASE.jar:/home/onglchen/.m2/repository/commons-logging/commons-logging/1.1.1/commons-logging-1.1.1.jar:/home/onglchen/.m2/repository/log4j/log4j/1.2.17/log4j-1.2.17.jar:/home/onglchen/.m2/repository/org/springframework/spring-core/4.0.5.RELEA
Launcher Type: SUN_STANDARD

Environment Variables:
JAVA_HOME=/home/onglchen/proenv/jdk8
JRE_HOME=/home/onglchen/proenv/jdk8/jre
CLASSPATH=./../lib/bootstrap.jar:./../lib/extensions.jar:./../lib/util.jar:./../lib/jdom.jar:./../lib/log4j.jar:./../lib/trove4j.jar:./../lib/jna.jar:/home/onglchen/proenv/jdk8/lib/tools.jar
PATH=/home/onglchen/proenv/jdk8/bin:/home/onglchen/proenv/gradle-2.6/bin:/home/onglchen/proenv/apache-maven-3.0.4/bin:/home/onglchen/proenv/jdk8/bin:/usr/lib/lightdm/lightdm:/usr/local/sbin:/usr/local/bin:/usr/sbin:/usr/bin:/sbin:/bin:/usr/games:/home/onglchen/proenv/sdk/tools:/home/onglchen/proenv/sdk/platform-tools
LD_LIBRARY_PATH=.:
SHELL=/bin/bash
DISPLAY=:0.0

Signal Handlers:
SIGSEGV: [libjvm.so+0x5af260], sa_mask[0]=11111111011111111101111111111110, sa_flags=SA_RESTART|SA_SIGINFO
SIGBUS: [libjvm.so+0x5af260], sa_mask[0]=11111111011111111101111111111110, sa_flags=SA_RESTART|SA_SIGINFO
SIGFPE: [libjvm.so+0x48fd10], sa_mask[0]=11111111011111111101111111111110, sa_flags=SA_RESTART|SA_SIGINFO
SIGPIPE: [libjvm.so+0x48fd10], sa_mask[0]=11111111011111111101111111111110, sa_flags=SA_RESTART|SA_SIGINFO
SIGXFSZ: [libjvm.so+0x48fd10], sa_mask[0]=11111111011111111101111111111110, sa_flags=SA_RESTART|SA_SIGINFO
SIGILL: [libjvm.so+0x48fd10], sa_mask[0]=11111111011111111101111111111110, sa_flags=SA_RESTART|SA_SIGINFO
SIGUSR1: SIG_DFL, sa_mask[0]=00000000000000000000000000000000, sa_flags=none
SIGUSR2: [libjvm.so+0x4912a0], sa_mask[0]=00100000000000000000000000000000, sa_flags=SA_RESTART|SA_SIGINFO
SIGHUP: [libjvm.so+0x492750], sa_mask[0]=11111111011111111101111111111110, sa_flags=SA_RESTART|SA_SIGINFO
SIGINT: [libjvm.so+0x492750], sa_mask[0]=11111111011111111101111111111110, sa_flags=SA_RESTART|SA_SIGINFO
SIGTERM: [libjvm.so+0x492750], sa_mask[0]=11111111011111111101111111111110, sa_flags=SA_RESTART|SA_SIGINFO
SIGQUIT: [libjvm.so+0x492750], sa_mask[0]=11111111011111111101111111111110, sa_flags=SA_RESTART|SA_SIGINFO


---------------  S Y S T E M  ---------------

OS:DISTRIB_ID=Ubuntu
DISTRIB_RELEASE=12.04
DISTRIB_CODENAME=precise
DISTRIB_DESCRIPTION="Ubuntu 12.04.4 LTS"

uname:Linux 3.11.0-15-generic #25~precise1-Ubuntu SMP Thu Jan 30 17:42:40 UTC 2014 i686
libc:glibc 2.15 NPTL 2.15 
rlimit: STACK 8192k, CORE 0k, NPROC 32123, NOFILE 4096, AS infinity
load average:0.11 0.13 0.11

/proc/meminfo:
MemTotal:        4129424 kB
MemFree:          310136 kB
Buffers:          220108 kB
Cached:          1618164 kB
SwapCached:           28 kB
Active:          2524508 kB
Inactive:        1121896 kB
Active(anon):    1611500 kB
Inactive(anon):   224912 kB
Active(file):     913008 kB
Inactive(file):   896984 kB
Unevictable:          20 kB
Mlocked:              20 kB
HighTotal:       3280776 kB
HighFree:         109972 kB
LowTotal:         848648 kB
LowFree:          200164 kB
SwapTotal:       1046524 kB
SwapFree:        1046360 kB
Dirty:              4484 kB
Writeback:             0 kB
AnonPages:       1808100 kB
Mapped:           187196 kB
Shmem:             28312 kB
Slab:             113624 kB
SReclaimable:      94576 kB
SUnreclaim:        19048 kB
KernelStack:        4424 kB
PageTables:        12556 kB
NFS_Unstable:          0 kB
Bounce:                0 kB
WritebackTmp:          0 kB
CommitLimit:     3111236 kB
Committed_AS:    4535244 kB
VmallocTotal:     122880 kB
VmallocUsed:       24392 kB
VmallocChunk:      97732 kB
HardwareCorrupted:     0 kB
AnonHugePages:         0 kB
HugePages_Total:       0
HugePages_Free:        0
HugePages_Rsvd:        0
HugePages_Surp:        0
Hugepagesize:       2048 kB
DirectMap4k:       14328 kB
DirectMap2M:      899072 kB


CPU:total 1 (1 cores per cpu, 1 threads per core) family 6 model 58 stepping 9, cmov, cx8, fxsr, mmx, sse, sse2, sse3, ssse3, sse4.1, sse4.2, popcnt, avx, aes, clmul, erms, tsc, tscinvbit, tscinv

/proc/cpuinfo:
processor	: 0
vendor_id	: GenuineIntel
cpu family	: 6
model		: 58
model name	: Intel(R) Core(TM) i7-3610QM CPU @ 2.30GHz
stepping	: 9
microcode	: 0x1b
cpu MHz		: 2294.796
cache size	: 6144 KB
fdiv_bug	: no
f00f_bug	: no
coma_bug	: no
fpu		: yes
fpu_exception	: yes
cpuid level	: 13
wp		: yes
flags		: fpu vme de pse tsc msr pae mce cx8 apic sep mtrr pge mca cmov pat pse36 clflush dts mmx fxsr sse sse2 ss nx rdtscp lm constant_tsc arch_perfmon pebs bts xtopology tsc_reliable nonstop_tsc aperfmperf pni pclmulqdq ssse3 cx16 pcid sse4_1 sse4_2 x2apic popcnt aes xsave avx f16c rdrand hypervisor lahf_lm ida arat epb pln pts dtherm fsgsbase smep
bogomips	: 4589.59
clflush size	: 64
cache_alignment	: 64
address sizes	: 40 bits physical, 48 bits virtual
power management:



Memory: 4k page, physical 4129424k(310012k free), swap 1046524k(1046360k free)

vm_info: Java HotSpot(TM) Client VM (25.40-b25) for linux-x86 JRE (1.8.0_40-b26), built on Mar  7 2015 13:54:09 by "java_re" with gcc 4.3.0 20080428 (Red Hat 4.3.0-8)

time: Tue Apr  5 11:24:45 2016
elapsed time: 0 seconds (0d 0h 0m 0s)

