#
# A fatal error has been detected by the Java Runtime Environment:
#
#  SIGSEGV (0xb) at pc=0xb75d92f2, pid=26024, tid=3064699712
#
# JRE version: Java(TM) SE Runtime Environment (8.0_40-b26) (build 1.8.0_40-b26)
# Java VM: Java HotSpot(TM) Client VM (25.40-b25 mixed mode linux-x86 )
# Problematic frame:
# C  [libc.so.6+0x652f2]  fclose+0x22
#
# Failed to write core dump. Core dumps have been disabled. To enable core dumping, try "ulimit -c unlimited" before starting Java again
#
# If you would like to submit a bug report, please visit:
#   http://bugreport.java.com/bugreport/crash.jsp
# The crash happened outside the Java Virtual Machine in native code.
# See problematic frame for where to report the bug.
#

---------------  T H R E A D  ---------------

Current thread (0xb6908800):  JavaThread "main" [_thread_in_native, id=26026, stack(0xb6a69000,0xb6aba000)]

siginfo: si_signo: 11 (SIGSEGV), si_code: 1 (SEGV_MAPERR), si_addr: 0x0000006e

Registers:
EAX=0x00000028, EBX=0xb7719ff4, ECX=0xb6900010, EDX=0xb6900010
ESP=0xb6ab8120, EBP=0xb6ab8828, ESI=0x00000028, EDI=0xa36c5ad7
EIP=0xb75d92f2, EFLAGS=0x00010292, CR2=0x0000006e

Top of Stack: (sp=0xb6ab8120)
0xb6ab8120:   b7719ff4 a36f7ff4 a36fadc4 a36c5ad7
0xb6ab8130:   b6ab8828 b77816b0 b6900010 a36f7ff4
0xb6ab8140:   a36fadc4 a36c5ad7 b6ab8828 a3643a3e
0xb6ab8150:   00000028 a36c5b50 a36fada0 a36fdde8
0xb6ab8160:   a36fddec a36fad18 a4284548 b713b050
0xb6ab8170:   a39e7e08 00000028 b6ab81b8 b75ea5e9
0xb6ab8180:   a39e7e08 00000028 00000007 b7721ff4
0xb6ab8190:   00000000 00000000 00000000 00000000 

Instructions: (pc=0xb75d92f2)
0xb75d92d2:   2c 89 74 24 20 8b 74 24 30 89 5c 24 1c 89 7c 24
0xb75d92e2:   24 89 6c 24 28 e8 67 6a 0c 00 81 c3 08 0d 14 00
0xb75d92f2:   80 7e 46 00 0f 85 8c 01 00 00 8b 0e f6 c5 20 89
0xb75d9302:   ca 0f 85 4f 01 00 00 89 c8 25 00 80 00 00 75 36 

Register to memory mapping:

EAX=0x00000028 is an unknown value
EBX=0xb7719ff4: <offset 0x1a5ff4> in /lib/i386-linux-gnu/libc.so.6 at 0xb7574000
ECX=0xb6900010 is an unknown value
EDX=0xb6900010 is an unknown value
ESP=0xb6ab8120 is pointing into the stack for thread: 0xb6908800
EBP=0xb6ab8828 is pointing into the stack for thread: 0xb6908800
ESI=0x00000028 is an unknown value
EDI=0xa36c5ad7: <offset 0xf4ad7> in /home/onglchen/proenv/userlib/libGenAssert.so at 0xa35d1000


Stack: [0xb6a69000,0xb6aba000],  sp=0xb6ab8120,  free space=316k
Native frames: (J=compiled Java code, j=interpreted, Vv=VM code, C=native code)
C  [libc.so.6+0x652f2]  fclose+0x22
C  [libGenAssert.so+0x72ad3]  train(char const*, char const*, char const*)+0x6b
C  [libGenAssert.so+0x7321c]  Java_org_chudian_mj_jni_GenAssert_Train+0x82
j  org.chudian.mj.jni.GenAssert.Train(Ljava/lang/String;Ljava/lang/String;Ljava/lang/String;)I+0
j  org.chudian.mj.jni.GenAssert.main([Ljava/lang/String;)V+33
v  ~StubRoutines::call_stub
V  [libjvm.so+0x2f0f9f]  JavaCalls::call_helper(JavaValue*, methodHandle*, JavaCallArguments*, Thread*)+0x101f
V  [libjvm.so+0x48e069]  os::os_exception_wrapper(void (*)(JavaValue*, methodHandle*, JavaCallArguments*, Thread*), JavaValue*, methodHandle*, JavaCallArguments*, Thread*)+0x19
V  [libjvm.so+0x2ef56f]  JavaCalls::call(JavaValue*, methodHandle, JavaCallArguments*, Thread*)+0x2f
V  [libjvm.so+0x4d53a2]  Reflection::invoke(instanceKlassHandle, methodHandle, Handle, bool, objArrayHandle, BasicType, objArrayHandle, bool, Thread*)+0x4d2
V  [libjvm.so+0x4d86e8]  Reflection::invoke_method(oopDesc*, Handle, objArrayHandle, Thread*)+0x148
V  [libjvm.so+0x379d0f]  JVM_InvokeMethod+0x25f
C  [libjava.so+0xd4f2]  Java_sun_reflect_NativeMethodAccessorImpl_invoke0+0x32
j  sun.reflect.NativeMethodAccessorImpl.invoke0(Ljava/lang/reflect/Method;Ljava/lang/Object;[Ljava/lang/Object;)Ljava/lang/Object;+0
j  sun.reflect.NativeMethodAccessorImpl.invoke(Ljava/lang/Object;[Ljava/lang/Object;)Ljava/lang/Object;+100
j  sun.reflect.DelegatingMethodAccessorImpl.invoke(Ljava/lang/Object;[Ljava/lang/Object;)Ljava/lang/Object;+6
j  java.lang.reflect.Method.invoke(Ljava/lang/Object;[Ljava/lang/Object;)Ljava/lang/Object;+56
j  com.intellij.rt.execution.application.AppMain.main([Ljava/lang/String;)V+157
v  ~StubRoutines::call_stub
V  [libjvm.so+0x2f0f9f]  JavaCalls::call_helper(JavaValue*, methodHandle*, JavaCallArguments*, Thread*)+0x101f
V  [libjvm.so+0x48e069]  os::os_exception_wrapper(void (*)(JavaValue*, methodHandle*, JavaCallArguments*, Thread*), JavaValue*, methodHandle*, JavaCallArguments*, Thread*)+0x19
V  [libjvm.so+0x2ef56f]  JavaCalls::call(JavaValue*, methodHandle, JavaCallArguments*, Thread*)+0x2f
V  [libjvm.so+0x3398bf]  jni_invoke_static(JNIEnv_*, JavaValue*, _jobject*, JNICallType, _jmethodID*, JNI_ArgumentPusher*, Thread*)+0x38f
V  [libjvm.so+0x34c33f]  jni_CallStaticVoidMethod+0xdf
C  [libjli.so+0x7666]  JavaMain+0x8d6
C  [libpthread.so.0+0x6d4c]  start_thread+0xcc
C  [libc.so.6+0xefbae]  clone+0x5e

Java frames: (J=compiled Java code, j=interpreted, Vv=VM code)
j  org.chudian.mj.jni.GenAssert.Train(Ljava/lang/String;Ljava/lang/String;Ljava/lang/String;)I+0
j  org.chudian.mj.jni.GenAssert.main([Ljava/lang/String;)V+33
v  ~StubRoutines::call_stub
j  sun.reflect.NativeMethodAccessorImpl.invoke0(Ljava/lang/reflect/Method;Ljava/lang/Object;[Ljava/lang/Object;)Ljava/lang/Object;+0
j  sun.reflect.NativeMethodAccessorImpl.invoke(Ljava/lang/Object;[Ljava/lang/Object;)Ljava/lang/Object;+100
j  sun.reflect.DelegatingMethodAccessorImpl.invoke(Ljava/lang/Object;[Ljava/lang/Object;)Ljava/lang/Object;+6
j  java.lang.reflect.Method.invoke(Ljava/lang/Object;[Ljava/lang/Object;)Ljava/lang/Object;+56
j  com.intellij.rt.execution.application.AppMain.main([Ljava/lang/String;)V+157
v  ~StubRoutines::call_stub

---------------  P R O C E S S  ---------------

Java Threads: ( => current thread )
  0xa39e6400 JavaThread "Monitor Ctrl-Break" daemon [_thread_in_native, id=26035, stack(0xa3873000,0xa38c4000)]
  0xb6985400 JavaThread "Service Thread" daemon [_thread_blocked, id=26033, stack(0xa3add000,0xa3b2e000)]
  0xb6982000 JavaThread "C1 CompilerThread0" daemon [_thread_blocked, id=26032, stack(0xa3b2e000,0xa3baf000)]
  0xb6980400 JavaThread "Signal Dispatcher" daemon [_thread_blocked, id=26031, stack(0xa3baf000,0xa3c00000)]
  0xb6963800 JavaThread "Finalizer" daemon [_thread_blocked, id=26030, stack(0xa3f38000,0xa3f89000)]
  0xb6962000 JavaThread "Reference Handler" daemon [_thread_blocked, id=26029, stack(0xa3f89000,0xa3fda000)]
=>0xb6908800 JavaThread "main" [_thread_in_native, id=26026, stack(0xb6a69000,0xb6aba000)]

Other Threads:
  0xb695f000 VMThread [stack: 0xa3fda000,0xa405b000] [id=26028]
  0xb6987400 WatcherThread [stack: 0xa3a5c000,0xa3add000] [id=26034]

VM state:not at safepoint (normal execution)

VM Mutex/Monitor currently owned by a thread: None

Heap:
 def new generation   total 4928K, used 1351K [0xa4800000, 0xa4d50000, 0xa9d50000)
  eden space 4416K,  30% used [0xa4800000, 0xa4951d40, 0xa4c50000)
  from space 512K,   0% used [0xa4c50000, 0xa4c50000, 0xa4cd0000)
  to   space 512K,   0% used [0xa4cd0000, 0xa4cd0000, 0xa4d50000)
 tenured generation   total 10944K, used 0K [0xa9d50000, 0xaa800000, 0xb4800000)
   the space 10944K,   0% used [0xa9d50000, 0xa9d50000, 0xa9d50200, 0xaa800000)
 Metaspace       used 1936K, capacity 2208K, committed 2328K, reserved 4400K

Card table byte_map: [0xa477f000,0xa4800000] byte_map_base: 0xa425b000

Polling page: 0xb775d000

CodeCache: size=32768Kb used=704Kb max_used=704Kb free=32063Kb
 bounds [0xb48cd000, 0xb4985000, 0xb68cd000]
 total_blobs=162 nmethods=22 adapters=71
 compilation: enabled

Compilation events (10 events):
Event: 0.217 Thread 0xb6982000   18             java.lang.String::startsWith (72 bytes)
Event: 0.217 Thread 0xb6982000 nmethod 18 0xb497bfc8 code [0xb497c0d0, 0xb497c200]
Event: 0.217 Thread 0xb6982000   19             java.lang.String::indexOf (166 bytes)
Event: 0.218 Thread 0xb6982000 nmethod 19 0xb497c348 code [0xb497c460, 0xb497c690]
Event: 0.218 Thread 0xb6982000   20             java.lang.String::length (6 bytes)
Event: 0.218 Thread 0xb6982000 nmethod 20 0xb497c9c8 code [0xb497cac0, 0xb497cb50]
Event: 0.220 Thread 0xb6982000   21             java.lang.Math::max (11 bytes)
Event: 0.220 Thread 0xb6982000 nmethod 21 0xb497cbc8 code [0xb497ccc0, 0xb497cd30]
Event: 0.220 Thread 0xb6982000   22             java.util.jar.JarFile::match (116 bytes)
Event: 0.221 Thread 0xb6982000 nmethod 22 0xb497cd88 code [0xb497cea0, 0xb497d040]

GC Heap History (0 events):
No events

Deoptimization events (0 events):
No events

Internal exceptions (2 events):
Event: 0.093 Thread 0xb6908800 Exception <a 'java/lang/NoSuchMethodError': Method sun.misc.Unsafe.defineClass(Ljava/lang/String;[BII)Ljava/lang/Class; name or signature does not match> (0xa48103f8) thrown at [/HUDSON3/workspace/8-2-build-linux-i586/jdk8u40/3098/hotspot/src/share/vm/pri
Event: 0.093 Thread 0xb6908800 Exception <a 'java/lang/NoSuchMethodError': Method sun.misc.Unsafe.prefetchRead(Ljava/lang/Object;J)V name or signature does not match> (0xa4810678) thrown at [/HUDSON3/workspace/8-2-build-linux-i586/jdk8u40/3098/hotspot/src/share/vm/prims/jni.cpp, line 3

Events (10 events):
Event: 0.238 loading class java/lang/IllegalAccessException
Event: 0.238 loading class java/lang/IllegalAccessException done
Event: 0.238 loading class java/lang/reflect/TypeVariable
Event: 0.238 loading class java/lang/reflect/TypeVariable done
Event: 0.238 loading class java/lang/reflect/AnnotatedType
Event: 0.238 loading class java/lang/reflect/AnnotatedType done
Event: 0.239 loading class sun/reflect/NativeMethodAccessorImpl
Event: 0.239 loading class sun/reflect/NativeMethodAccessorImpl done
Event: 0.239 loading class sun/reflect/DelegatingMethodAccessorImpl
Event: 0.239 loading class sun/reflect/DelegatingMethodAccessorImpl done


Dynamic libraries:
08048000-08049000 r-xp 00000000 08:01 265942     /home/onglchen/proenv/jdk8/bin/java
08049000-0804a000 rw-p 00000000 08:01 265942     /home/onglchen/proenv/jdk8/bin/java
089a0000-08aa2000 rw-p 00000000 00:00 0          [heap]
a3379000-a34ec000 rw-p 00000000 00:00 0 
a34ec000-a35c4000 r-xp 00000000 08:01 530917     /usr/lib/i386-linux-gnu/libstdc++.so.6.0.16
a35c4000-a35c5000 ---p 000d8000 08:01 530917     /usr/lib/i386-linux-gnu/libstdc++.so.6.0.16
a35c5000-a35c9000 r--p 000d8000 08:01 530917     /usr/lib/i386-linux-gnu/libstdc++.so.6.0.16
a35c9000-a35ca000 rw-p 000dc000 08:01 530917     /usr/lib/i386-linux-gnu/libstdc++.so.6.0.16
a35ca000-a35d1000 rw-p 00000000 00:00 0 
a35d1000-a36f7000 r-xp 00000000 08:01 988162     /home/onglchen/proenv/userlib/libGenAssert.so
a36f7000-a36f8000 r--p 00126000 08:01 988162     /home/onglchen/proenv/userlib/libGenAssert.so
a36f8000-a36fb000 rw-p 00127000 08:01 988162     /home/onglchen/proenv/userlib/libGenAssert.so
a36fb000-a3700000 rw-p 00000000 00:00 0 
a3700000-a3732000 rw-p 00000000 00:00 0 
a3732000-a3800000 ---p 00000000 00:00 0 
a383f000-a385b000 r-xp 00000000 08:01 394239     /lib/i386-linux-gnu/libgcc_s.so.1
a385b000-a385c000 r--p 0001b000 08:01 394239     /lib/i386-linux-gnu/libgcc_s.so.1
a385c000-a385d000 rw-p 0001c000 08:01 394239     /lib/i386-linux-gnu/libgcc_s.so.1
a385d000-a3872000 r-xp 00000000 08:01 265847     /home/onglchen/proenv/jdk8/jre/lib/i386/libnet.so
a3872000-a3873000 rw-p 00014000 08:01 265847     /home/onglchen/proenv/jdk8/jre/lib/i386/libnet.so
a3873000-a3876000 ---p 00000000 00:00 0 
a3876000-a38c4000 rw-p 00000000 00:00 0          [stack:26035]
a38c4000-a38db000 r--s 00159000 08:01 928583     /home/onglchen/.m2/repository/org/apache/ant/ant/1.8.0/ant-1.8.0.jar
a38db000-a38e7000 r--s 00096000 08:01 398377     /home/onglchen/.m2/repository/org/springframework/spring-webmvc/4.0.5.RELEASE/spring-webmvc-4.0.5.RELEASE.jar
a38e7000-a3900000 r--s 0014e000 08:01 1069090    /home/onglchen/.m2/repository/com/alibaba/druid/0.2.9/druid-0.2.9.jar
a3900000-a39fc000 rw-p 00000000 00:00 0 
a39fc000-a3a00000 ---p 00000000 00:00 0 
a3a01000-a3a02000 rw-p 00000000 00:00 0 
a3a02000-a3a03000 r-xp 00000000 08:01 931202     /home/onglchen/proenv/idea-IU-141.177.4/bin/libbreakgen.so
a3a03000-a3a04000 rw-p 00000000 08:01 931202     /home/onglchen/proenv/idea-IU-141.177.4/bin/libbreakgen.so
a3a04000-a3a1b000 r--s 0019f000 08:01 1069091    /home/onglchen/.m2/repository/org/aspectj/aspectjweaver/1.7.1/aspectjweaver-1.7.1.jar
a3a1b000-a3a22000 r--s 00051000 08:01 1069089    /home/onglchen/.m2/repository/com/alibaba/fastjson/1.1.26/fastjson-1.1.26.jar
a3a22000-a3a28000 r--s 00033000 08:01 398416     /home/onglchen/.m2/repository/commons-codec/commons-codec/1.6/commons-codec-1.6.jar
a3a28000-a3a3c000 r--s 000db000 08:01 398392     /home/onglchen/.m2/repository/org/springframework/spring-core/4.0.5.RELEASE/spring-core-4.0.5.RELEASE.jar
a3a3c000-a3a45000 r--s 0006f000 08:01 398403     /home/onglchen/.m2/repository/log4j/log4j/1.2.17/log4j-1.2.17.jar
a3a45000-a3a5c000 r--s 000d8000 08:01 398379     /home/onglchen/.m2/repository/org/springframework/spring-context/4.0.5.RELEASE/spring-context-4.0.5.RELEASE.jar
a3a5c000-a3a5d000 ---p 00000000 00:00 0 
a3a5d000-a3add000 rw-p 00000000 00:00 0          [stack:26034]
a3add000-a3ae0000 ---p 00000000 00:00 0 
a3ae0000-a3b2e000 rw-p 00000000 00:00 0          [stack:26033]
a3b2e000-a3b31000 ---p 00000000 00:00 0 
a3b31000-a3baf000 rw-p 00000000 00:00 0          [stack:26032]
a3baf000-a3bb2000 ---p 00000000 00:00 0 
a3bb2000-a3c00000 rw-p 00000000 00:00 0          [stack:26031]
a3c00000-a3e00000 r--p 00000000 08:01 531480     /usr/lib/locale/locale-archive
a3e00000-a3e21000 rw-p 00000000 00:00 0 
a3e21000-a3f00000 ---p 00000000 00:00 0 
a3f00000-a3f01000 rw-p 00000000 00:00 0 
a3f01000-a3f03000 r--s 00016000 08:01 931298     /home/onglchen/proenv/idea-IU-141.177.4/lib/idea_rt.jar
a3f03000-a3f0a000 r--s 00036000 08:01 398376     /home/onglchen/.m2/repository/org/springframework/spring-tx/4.0.5.RELEASE/spring-tx-4.0.5.RELEASE.jar
a3f0a000-a3f16000 r--s 00098000 08:01 398375     /home/onglchen/.m2/repository/org/springframework/spring-beans/4.0.5.RELEASE/spring-beans-4.0.5.RELEASE.jar
a3f16000-a3f25000 r--s 00096000 08:01 398387     /home/onglchen/.m2/repository/org/springframework/spring-web/4.0.5.RELEASE/spring-web-4.0.5.RELEASE.jar
a3f25000-a3f38000 r--s 00344000 08:01 144577     /home/onglchen/proenv/jdk8/jre/lib/resources.jar
a3f38000-a3f3b000 ---p 00000000 00:00 0 
a3f3b000-a3f89000 rw-p 00000000 00:00 0          [stack:26030]
a3f89000-a3f8c000 ---p 00000000 00:00 0 
a3f8c000-a3fda000 rw-p 00000000 00:00 0          [stack:26029]
a3fda000-a3fdb000 ---p 00000000 00:00 0 
a3fdb000-a40aa000 rw-p 00000000 00:00 0          [stack:26028]
a40aa000-a4282000 r--s 03d09000 08:01 144591     /home/onglchen/proenv/jdk8/jre/lib/rt.jar
a4282000-a4523000 rw-p 00000000 00:00 0 
a4523000-a4729000 ---p 00000000 00:00 0 
a4729000-a472f000 rw-p 00000000 00:00 0 
a472f000-a477f000 ---p 00000000 00:00 0 
a477f000-a4782000 rw-p 00000000 00:00 0 
a4782000-a47a9000 ---p 00000000 00:00 0 
a47a9000-a47af000 rw-p 00000000 00:00 0 
a47af000-a47ff000 ---p 00000000 00:00 0 
a47ff000-a4d50000 rw-p 00000000 00:00 0 
a4d50000-a9d50000 ---p 00000000 00:00 0 
a9d50000-aa800000 rw-p 00000000 00:00 0 
aa800000-b4800000 ---p 00000000 00:00 0 
b4800000-b4801000 rw-p 00000000 00:00 0 
b4801000-b4804000 r--s 00024000 08:01 269657     /home/onglchen/.m2/repository/net/sf/json-lib/json-lib/2.4/json-lib-2.4-jdk15.jar
b4804000-b4806000 r--s 0000d000 08:01 269664     /home/onglchen/.m2/repository/commons-logging/commons-logging/1.1.1/commons-logging-1.1.1.jar
b4806000-b4808000 r--s 00018000 08:01 398422     /home/onglchen/.m2/repository/javax/servlet/servlet-api/2.5/servlet-api-2.5.jar
b4808000-b480d000 r--s 002f8000 08:01 144571     /home/onglchen/proenv/jdk8/jre/lib/charsets.jar
b480d000-b480f000 r--s 00007000 08:01 144447     /home/onglchen/proenv/jdk8/jre/lib/jfxswt.jar
b480f000-b4814000 r--s 00083000 08:01 144563     /home/onglchen/proenv/jdk8/jre/lib/jfr.jar
b4814000-b482e000 r--s 001f3000 08:01 144568     /home/onglchen/proenv/jdk8/jre/lib/deploy.jar
b482e000-b4841000 r--s 000d5000 08:01 144520     /home/onglchen/proenv/jdk8/jre/lib/plugin.jar
b4841000-b4844000 r--s 0001a000 08:01 144565     /home/onglchen/proenv/jdk8/jre/lib/jce.jar
b4844000-b484d000 r--s 0006a000 08:01 144588     /home/onglchen/proenv/jdk8/jre/lib/javaws.jar
b484d000-b4850000 rw-p 00000000 00:00 0 
b4850000-b48cd000 ---p 00000000 00:00 0 
b48cd000-b4985000 rwxp 00000000 00:00 0 
b4985000-b68cd000 ---p 00000000 00:00 0 
b68cd000-b68e6000 r-xp 00000000 08:01 265872     /home/onglchen/proenv/jdk8/jre/lib/i386/libzip.so
b68e6000-b68e7000 rw-p 00018000 08:01 265872     /home/onglchen/proenv/jdk8/jre/lib/i386/libzip.so
b68e7000-b68f2000 r-xp 00000000 08:01 394269     /lib/i386-linux-gnu/libnss_files-2.15.so
b68f2000-b68f3000 r--p 0000a000 08:01 394269     /lib/i386-linux-gnu/libnss_files-2.15.so
b68f3000-b68f4000 rw-p 0000b000 08:01 394269     /lib/i386-linux-gnu/libnss_files-2.15.so
b68f4000-b68fe000 r-xp 00000000 08:01 394273     /lib/i386-linux-gnu/libnss_nis-2.15.so
b68fe000-b68ff000 r--p 00009000 08:01 394273     /lib/i386-linux-gnu/libnss_nis-2.15.so
b68ff000-b6900000 rw-p 0000a000 08:01 394273     /lib/i386-linux-gnu/libnss_nis-2.15.so
b6900000-b69fe000 rw-p 00000000 00:00 0 
b69fe000-b6a00000 ---p 00000000 00:00 0 
b6a00000-b6a01000 r--s 00003000 08:01 1069095    /home/onglchen/.m2/repository/com/googlecode/json-simple/json-simple/1.1/json-simple-1.1.jar
b6a01000-b6a02000 r--s 00000000 08:01 144449     /home/onglchen/proenv/jdk8/jre/lib/management-agent.jar
b6a02000-b6a18000 r-xp 00000000 08:01 394263     /lib/i386-linux-gnu/libnsl-2.15.so
b6a18000-b6a19000 r--p 00015000 08:01 394263     /lib/i386-linux-gnu/libnsl-2.15.so
b6a19000-b6a1a000 rw-p 00016000 08:01 394263     /lib/i386-linux-gnu/libnsl-2.15.so
b6a1a000-b6a1c000 rw-p 00000000 00:00 0 
b6a1c000-b6a23000 r-xp 00000000 08:01 394265     /lib/i386-linux-gnu/libnss_compat-2.15.so
b6a23000-b6a24000 r--p 00006000 08:01 394265     /lib/i386-linux-gnu/libnss_compat-2.15.so
b6a24000-b6a25000 rw-p 00007000 08:01 394265     /lib/i386-linux-gnu/libnss_compat-2.15.so
b6a25000-b6a2a000 r--s 00094000 08:01 144521     /home/onglchen/proenv/jdk8/jre/lib/jsse.jar
b6a2a000-b6a32000 r--s 000c7000 08:01 156272     /home/onglchen/proenv/jdk8/jre/lib/ext/mysql-connector-java-5.1.24-bin.jar
b6a32000-b6a39000 r--s 00051000 08:01 149832     /home/onglchen/proenv/jdk8/jre/lib/ext/fastjson-1.1.26.jar
b6a39000-b6a3a000 r--s 00003000 08:01 942492     /home/onglchen/proenv/jdk8/jre/lib/ext/json-simple-1.1.jar
b6a3a000-b6a3b000 r--p 005e0000 08:01 531480     /usr/lib/locale/locale-archive
b6a3b000-b6a5f000 r-xp 00000000 08:01 265841     /home/onglchen/proenv/jdk8/jre/lib/i386/libjava.so
b6a5f000-b6a60000 rw-p 00023000 08:01 265841     /home/onglchen/proenv/jdk8/jre/lib/i386/libjava.so
b6a60000-b6a67000 r-xp 00000000 08:01 394304     /lib/i386-linux-gnu/librt-2.15.so
b6a67000-b6a68000 r--p 00006000 08:01 394304     /lib/i386-linux-gnu/librt-2.15.so
b6a68000-b6a69000 rw-p 00007000 08:01 394304     /lib/i386-linux-gnu/librt-2.15.so
b6a69000-b6a6c000 ---p 00000000 00:00 0 
b6a6c000-b6aba000 rw-p 00000000 00:00 0          [stack:26026]
b6aba000-b6ae4000 r-xp 00000000 08:01 394250     /lib/i386-linux-gnu/libm-2.15.so
b6ae4000-b6ae5000 r--p 00029000 08:01 394250     /lib/i386-linux-gnu/libm-2.15.so
b6ae5000-b6ae6000 rw-p 0002a000 08:01 394250     /lib/i386-linux-gnu/libm-2.15.so
b6ae6000-b712b000 r-xp 00000000 08:01 265890     /home/onglchen/proenv/jdk8/jre/lib/i386/client/libjvm.so
b712b000-b7151000 rw-p 00644000 08:01 265890     /home/onglchen/proenv/jdk8/jre/lib/i386/client/libjvm.so
b7151000-b7574000 rw-p 00000000 00:00 0 
b7574000-b7718000 r-xp 00000000 08:01 394218     /lib/i386-linux-gnu/libc-2.15.so
b7718000-b771a000 r--p 001a4000 08:01 394218     /lib/i386-linux-gnu/libc-2.15.so
b771a000-b771b000 rw-p 001a6000 08:01 394218     /lib/i386-linux-gnu/libc-2.15.so
b771b000-b771e000 rw-p 00000000 00:00 0 
b771e000-b7721000 r-xp 00000000 08:01 394231     /lib/i386-linux-gnu/libdl-2.15.so
b7721000-b7722000 r--p 00002000 08:01 394231     /lib/i386-linux-gnu/libdl-2.15.so
b7722000-b7723000 rw-p 00003000 08:01 394231     /lib/i386-linux-gnu/libdl-2.15.so
b7723000-b7737000 r-xp 00000000 08:01 144010     /home/onglchen/proenv/jdk8/lib/i386/jli/libjli.so
b7737000-b7738000 rw-p 00014000 08:01 144010     /home/onglchen/proenv/jdk8/lib/i386/jli/libjli.so
b7738000-b7739000 rw-p 00000000 00:00 0 
b7739000-b7750000 r-xp 00000000 08:01 394298     /lib/i386-linux-gnu/libpthread-2.15.so
b7750000-b7751000 r--p 00016000 08:01 394298     /lib/i386-linux-gnu/libpthread-2.15.so
b7751000-b7752000 rw-p 00017000 08:01 394298     /lib/i386-linux-gnu/libpthread-2.15.so
b7752000-b7754000 rw-p 00000000 00:00 0 
b7754000-b775c000 rw-s 00000000 08:01 148858     /tmp/hsperfdata_onglchen/26024
b775c000-b775d000 rw-p 00000000 00:00 0 
b775d000-b775e000 r--p 00000000 00:00 0 
b775e000-b7769000 r-xp 00000000 08:01 265909     /home/onglchen/proenv/jdk8/jre/lib/i386/libverify.so
b7769000-b776a000 rw-p 0000b000 08:01 265909     /home/onglchen/proenv/jdk8/jre/lib/i386/libverify.so
b776a000-b776c000 rw-p 00000000 00:00 0 
b776c000-b776d000 r-xp 00000000 00:00 0          [vdso]
b776d000-b778d000 r-xp 00000000 08:01 394198     /lib/i386-linux-gnu/ld-2.15.so
b778d000-b778e000 r--p 0001f000 08:01 394198     /lib/i386-linux-gnu/ld-2.15.so
b778e000-b778f000 rw-p 00020000 08:01 394198     /lib/i386-linux-gnu/ld-2.15.so
bf82c000-bf82d000 rwxp 00000000 00:00 0 
bf85e000-bf880000 rw-p 00000000 00:00 0          [stack]

VM Arguments:
jvm_args: -Didea.launcher.port=7532 -Didea.launcher.bin.path=/home/onglchen/proenv/idea-IU-141.177.4/bin -Dfile.encoding=UTF-8 
java_command: com.intellij.rt.execution.application.AppMain org.chudian.mj.jni.GenAssert
java_class_path (initial): /home/onglchen/proenv/jdk8/jre/lib/javaws.jar:/home/onglchen/proenv/jdk8/jre/lib/jsse.jar:/home/onglchen/proenv/jdk8/jre/lib/rt.jar:/home/onglchen/proenv/jdk8/jre/lib/jce.jar:/home/onglchen/proenv/jdk8/jre/lib/plugin.jar:/home/onglchen/proenv/jdk8/jre/lib/management-agent.jar:/home/onglchen/proenv/jdk8/jre/lib/deploy.jar:/home/onglchen/proenv/jdk8/jre/lib/jfr.jar:/home/onglchen/proenv/jdk8/jre/lib/resources.jar:/home/onglchen/proenv/jdk8/jre/lib/jfxswt.jar:/home/onglchen/proenv/jdk8/jre/lib/charsets.jar:/home/onglchen/proenv/jdk8/jre/lib/ext/dnsns.jar:/home/onglchen/proenv/jdk8/jre/lib/ext/sunpkcs11.jar:/home/onglchen/proenv/jdk8/jre/lib/ext/cldrdata.jar:/home/onglchen/proenv/jdk8/jre/lib/ext/jfxrt.jar:/home/onglchen/proenv/jdk8/jre/lib/ext/nashorn.jar:/home/onglchen/proenv/jdk8/jre/lib/ext/zipfs.jar:/home/onglchen/proenv/jdk8/jre/lib/ext/sunjce_provider.jar:/home/onglchen/proenv/jdk8/jre/lib/ext/localedata.jar:/home/onglchen/proenv/jdk8/jre/lib/ext/sunec.jar:/home/onglchen/proenv/jdk8/jre/lib/ext/json-simple-1.1.jar:/home/onglchen/proenv/jdk8/jre/lib/ext/fastjson-1.1.26.jar:/home/onglchen/proenv/jdk8/jre/lib/ext/mysql-connector-java-5.1.24-bin.jar:/home/onglchen/proenv/projects/mjproject_new/out/production/main:/home/onglchen/.m2/repository/javax/servlet/servlet-api/2.5/servlet-api-2.5.jar:/home/onglchen/.m2/repository/org/springframework/spring-web/4.0.5.RELEASE/spring-web-4.0.5.RELEASE.jar:/home/onglchen/.m2/repository/org/springframework/spring-beans/4.0.5.RELEASE/spring-beans-4.0.5.RELEASE.jar:/home/onglchen/.m2/repository/org/springframework/spring-context/4.0.5.RELEASE/spring-context-4.0.5.RELEASE.jar:/home/onglchen/.m2/repository/org/springframework/spring-tx/4.0.5.RELEASE/spring-tx-4.0.5.RELEASE.jar:/home/onglchen/.m2/repository/commons-logging/commons-logging/1.1.1/commons-logging-1.1.1.jar:/home/onglchen/.m2/repository/log4j/log4j/1.2.17/log4j-1.2.17.jar:/home/onglchen/.m2/repository/org/springframework/spring-core/4.0.5.RELEA
Launcher Type: SUN_STANDARD

Environment Variables:
JAVA_HOME=/home/onglchen/proenv/jdk8
JRE_HOME=/home/onglchen/proenv/jdk8/jre
CLASSPATH=./../lib/bootstrap.jar:./../lib/extensions.jar:./../lib/util.jar:./../lib/jdom.jar:./../lib/log4j.jar:./../lib/trove4j.jar:./../lib/jna.jar:/home/onglchen/proenv/jdk8/lib/tools.jar
PATH=/home/onglchen/proenv/jdk8/bin:/home/onglchen/proenv/gradle-2.6/bin:/home/onglchen/proenv/apache-maven-3.0.4/bin:/home/onglchen/proenv/jdk8/bin:/usr/lib/lightdm/lightdm:/usr/local/sbin:/usr/local/bin:/usr/sbin:/usr/bin:/sbin:/bin:/usr/games:/home/onglchen/proenv/sdk/tools:/home/onglchen/proenv/sdk/platform-tools
LD_LIBRARY_PATH=.:
SHELL=/bin/bash
DISPLAY=:0.0

Signal Handlers:
SIGSEGV: [libjvm.so+0x5af260], sa_mask[0]=11111111011111111101111111111110, sa_flags=SA_RESTART|SA_SIGINFO
SIGBUS: [libjvm.so+0x5af260], sa_mask[0]=11111111011111111101111111111110, sa_flags=SA_RESTART|SA_SIGINFO
SIGFPE: [libjvm.so+0x48fd10], sa_mask[0]=11111111011111111101111111111110, sa_flags=SA_RESTART|SA_SIGINFO
SIGPIPE: [libjvm.so+0x48fd10], sa_mask[0]=11111111011111111101111111111110, sa_flags=SA_RESTART|SA_SIGINFO
SIGXFSZ: [libjvm.so+0x48fd10], sa_mask[0]=11111111011111111101111111111110, sa_flags=SA_RESTART|SA_SIGINFO
SIGILL: [libjvm.so+0x48fd10], sa_mask[0]=11111111011111111101111111111110, sa_flags=SA_RESTART|SA_SIGINFO
SIGUSR1: SIG_DFL, sa_mask[0]=00000000000000000000000000000000, sa_flags=none
SIGUSR2: [libjvm.so+0x4912a0], sa_mask[0]=00100000000000000000000000000000, sa_flags=SA_RESTART|SA_SIGINFO
SIGHUP: [libjvm.so+0x492750], sa_mask[0]=11111111011111111101111111111110, sa_flags=SA_RESTART|SA_SIGINFO
SIGINT: [libjvm.so+0x492750], sa_mask[0]=11111111011111111101111111111110, sa_flags=SA_RESTART|SA_SIGINFO
SIGTERM: [libjvm.so+0x492750], sa_mask[0]=11111111011111111101111111111110, sa_flags=SA_RESTART|SA_SIGINFO
SIGQUIT: [libjvm.so+0x492750], sa_mask[0]=11111111011111111101111111111110, sa_flags=SA_RESTART|SA_SIGINFO


---------------  S Y S T E M  ---------------

OS:DISTRIB_ID=Ubuntu
DISTRIB_RELEASE=12.04
DISTRIB_CODENAME=precise
DISTRIB_DESCRIPTION="Ubuntu 12.04.4 LTS"

uname:Linux 3.11.0-15-generic #25~precise1-Ubuntu SMP Thu Jan 30 17:42:40 UTC 2014 i686
libc:glibc 2.15 NPTL 2.15 
rlimit: STACK 8192k, CORE 0k, NPROC 32123, NOFILE 4096, AS infinity
load average:0.13 0.05 0.05

/proc/meminfo:
MemTotal:        4129424 kB
MemFree:          233664 kB
Buffers:          244524 kB
Cached:          1614416 kB
SwapCached:            0 kB
Active:          2639304 kB
Inactive:        1085204 kB
Active(anon):    1691424 kB
Inactive(anon):   202484 kB
Active(file):     947880 kB
Inactive(file):   882720 kB
Unevictable:          20 kB
Mlocked:              20 kB
HighTotal:       3280776 kB
HighFree:          41152 kB
LowTotal:         848648 kB
LowFree:          192512 kB
SwapTotal:       1046524 kB
SwapFree:        1046388 kB
Dirty:              9848 kB
Writeback:             0 kB
AnonPages:       1865616 kB
Mapped:           189104 kB
Shmem:             28340 kB
Slab:             112332 kB
SReclaimable:      93292 kB
SUnreclaim:        19040 kB
KernelStack:        4416 kB
PageTables:        12664 kB
NFS_Unstable:          0 kB
Bounce:                0 kB
WritebackTmp:          0 kB
CommitLimit:     3111236 kB
Committed_AS:    4575548 kB
VmallocTotal:     122880 kB
VmallocUsed:       24392 kB
VmallocChunk:      97732 kB
HardwareCorrupted:     0 kB
AnonHugePages:         0 kB
HugePages_Total:       0
HugePages_Free:        0
HugePages_Rsvd:        0
HugePages_Surp:        0
Hugepagesize:       2048 kB
DirectMap4k:       14328 kB
DirectMap2M:      899072 kB


CPU:total 1 (1 cores per cpu, 1 threads per core) family 6 model 58 stepping 9, cmov, cx8, fxsr, mmx, sse, sse2, sse3, ssse3, sse4.1, sse4.2, popcnt, avx, aes, clmul, erms, tsc, tscinvbit, tscinv

/proc/cpuinfo:
processor	: 0
vendor_id	: GenuineIntel
cpu family	: 6
model		: 58
model name	: Intel(R) Core(TM) i7-3610QM CPU @ 2.30GHz
stepping	: 9
microcode	: 0x1b
cpu MHz		: 2294.796
cache size	: 6144 KB
fdiv_bug	: no
f00f_bug	: no
coma_bug	: no
fpu		: yes
fpu_exception	: yes
cpuid level	: 13
wp		: yes
flags		: fpu vme de pse tsc msr pae mce cx8 apic sep mtrr pge mca cmov pat pse36 clflush dts mmx fxsr sse sse2 ss nx rdtscp lm constant_tsc arch_perfmon pebs bts xtopology tsc_reliable nonstop_tsc aperfmperf pni pclmulqdq ssse3 cx16 pcid sse4_1 sse4_2 x2apic popcnt aes xsave avx f16c rdrand hypervisor lahf_lm ida arat epb pln pts dtherm fsgsbase smep
bogomips	: 4589.59
clflush size	: 64
cache_alignment	: 64
address sizes	: 40 bits physical, 48 bits virtual
power management:



Memory: 4k page, physical 4129424k(233664k free), swap 1046524k(1046388k free)

vm_info: Java HotSpot(TM) Client VM (25.40-b25) for linux-x86 JRE (1.8.0_40-b26), built on Mar  7 2015 13:54:09 by "java_re" with gcc 4.3.0 20080428 (Red Hat 4.3.0-8)

time: Tue Apr  5 11:14:07 2016
elapsed time: 0 seconds (0d 0h 0m 0s)

